<?xml version="1.0" encoding="UTF-8"?>
<testsuite xmlns:xsi="http://www.w3.org/2001/XMLSchema-instance" xsi:noNamespaceSchemaLocation="https://maven.apache.org/surefire/maven-surefire-plugin/xsd/surefire-test-report-3.0.xsd" version="3.0" name="com.imooc.reader.service.MemberServiceTest" time="0.059" tests="5" errors="4" skipped="0" failures="0">
  <properties>
    <property name="java.specification.version" value="18"/>
    <property name="sun.cpu.isalist" value="amd64"/>
    <property name="sun.jnu.encoding" value="GBK"/>
    <property name="java.class.path" value="D:\java project\mooc-reader\target\test-classes;D:\java project\mooc-reader\target\classes;C:\Users\815101909\.m2\repository\org\springframework\spring-webmvc\5.3.23\spring-webmvc-5.3.23.jar;C:\Users\815101909\.m2\repository\org\springframework\spring-aop\5.3.23\spring-aop-5.3.23.jar;C:\Users\815101909\.m2\repository\org\springframework\spring-beans\5.3.23\spring-beans-5.3.23.jar;C:\Users\815101909\.m2\repository\org\springframework\spring-context\5.3.23\spring-context-5.3.23.jar;C:\Users\815101909\.m2\repository\org\springframework\spring-core\5.3.23\spring-core-5.3.23.jar;C:\Users\815101909\.m2\repository\org\springframework\spring-jcl\5.3.23\spring-jcl-5.3.23.jar;C:\Users\815101909\.m2\repository\org\springframework\spring-expression\5.3.23\spring-expression-5.3.23.jar;C:\Users\815101909\.m2\repository\org\springframework\spring-web\5.3.23\spring-web-5.3.23.jar;C:\Users\815101909\.m2\repository\com\fasterxml\jackson\core\jackson-databind\2.12.3\jackson-databind-2.12.3.jar;C:\Users\815101909\.m2\repository\com\fasterxml\jackson\core\jackson-annotations\2.12.3\jackson-annotations-2.12.3.jar;C:\Users\815101909\.m2\repository\com\fasterxml\jackson\core\jackson-core\2.12.3\jackson-core-2.12.3.jar;C:\Users\815101909\.m2\repository\org\springframework\spring-jdbc\5.3.23\spring-jdbc-5.3.23.jar;C:\Users\815101909\.m2\repository\org\springframework\spring-tx\5.3.23\spring-tx-5.3.23.jar;C:\Users\815101909\.m2\repository\com\baomidou\mybatis-plus\3.4.3.4\mybatis-plus-3.4.3.4.jar;C:\Users\815101909\.m2\repository\com\baomidou\mybatis-plus-extension\3.4.3.4\mybatis-plus-extension-3.4.3.4.jar;C:\Users\815101909\.m2\repository\com\baomidou\mybatis-plus-core\3.4.3.4\mybatis-plus-core-3.4.3.4.jar;C:\Users\815101909\.m2\repository\com\baomidou\mybatis-plus-annotation\3.4.3.4\mybatis-plus-annotation-3.4.3.4.jar;C:\Users\815101909\.m2\repository\com\github\jsqlparser\jsqlparser\4.2\jsqlparser-4.2.jar;C:\Users\815101909\.m2\repository\org\mybatis\mybatis\3.5.7\mybatis-3.5.7.jar;C:\Users\815101909\.m2\repository\org\mybatis\mybatis-spring\2.0.6\mybatis-spring-2.0.6.jar;C:\Users\815101909\.m2\repository\mysql\mysql-connector-java\8.0.16\mysql-connector-java-8.0.16.jar;C:\Users\815101909\.m2\repository\com\google\protobuf\protobuf-java\3.6.1\protobuf-java-3.6.1.jar;C:\Users\815101909\.m2\repository\com\alibaba\druid\1.2.6\druid-1.2.6.jar;C:\Users\815101909\.m2\repository\junit\junit\4.12\junit-4.12.jar;C:\Users\815101909\.m2\repository\org\hamcrest\hamcrest-core\1.3\hamcrest-core-1.3.jar;C:\Users\815101909\.m2\repository\org\springframework\spring-test\5.3.23\spring-test-5.3.23.jar;C:\Users\815101909\.m2\repository\javax\annotation\javax.annotation-api\1.3.1\javax.annotation-api-1.3.1.jar;C:\Users\815101909\.m2\repository\javax\servlet\javax.servlet-api\3.1.0\javax.servlet-api-3.1.0.jar;C:\Users\815101909\.m2\repository\ch\qos\logback\logback-classic\1.4.5\logback-classic-1.4.5.jar;C:\Users\815101909\.m2\repository\ch\qos\logback\logback-core\1.4.5\logback-core-1.4.5.jar;C:\Users\815101909\.m2\repository\org\slf4j\slf4j-api\2.0.4\slf4j-api-2.0.4.jar;C:\Users\815101909\.m2\repository\com\github\penggle\kaptcha\2.3.2\kaptcha-2.3.2.jar;C:\Users\815101909\.m2\repository\com\jhlabs\filters\2.0.235-1\filters-2.0.235-1.jar;C:\Users\815101909\.m2\repository\commons-codec\commons-codec\1.15\commons-codec-1.15.jar;C:\Users\815101909\.m2\repository\commons-fileupload\commons-fileupload\1.5\commons-fileupload-1.5.jar;C:\Users\815101909\.m2\repository\commons-io\commons-io\2.11.0\commons-io-2.11.0.jar;"/>
    <property name="java.vm.vendor" value="Oracle Corporation"/>
    <property name="sun.arch.data.model" value="64"/>
    <property name="user.variant" value=""/>
    <property name="java.vendor.url" value="https://java.oracle.com/"/>
    <property name="user.timezone" value="Asia/Shanghai"/>
    <property name="os.name" value="Windows 11"/>
    <property name="java.vm.specification.version" value="18"/>
    <property name="sun.java.launcher" value="SUN_STANDARD"/>
    <property name="user.country" value="CN"/>
    <property name="sun.boot.library.path" value="D:\tools\jdk-18.0.2\bin"/>
    <property name="sun.java.command" value="C:\Users\815101909\AppData\Local\Temp\surefire6910665220204888984\surefirebooter-20230406100520514_3.jar C:\Users\815101909\AppData\Local\Temp\surefire6910665220204888984 2023-04-06T10-05-19_311-jvmRun1 surefire-20230406100520514_1tmp surefire_0-20230406100520514_2tmp"/>
    <property name="jdk.debug" value="release"/>
    <property name="surefire.test.class.path" value="D:\java project\mooc-reader\target\test-classes;D:\java project\mooc-reader\target\classes;C:\Users\815101909\.m2\repository\org\springframework\spring-webmvc\5.3.23\spring-webmvc-5.3.23.jar;C:\Users\815101909\.m2\repository\org\springframework\spring-aop\5.3.23\spring-aop-5.3.23.jar;C:\Users\815101909\.m2\repository\org\springframework\spring-beans\5.3.23\spring-beans-5.3.23.jar;C:\Users\815101909\.m2\repository\org\springframework\spring-context\5.3.23\spring-context-5.3.23.jar;C:\Users\815101909\.m2\repository\org\springframework\spring-core\5.3.23\spring-core-5.3.23.jar;C:\Users\815101909\.m2\repository\org\springframework\spring-jcl\5.3.23\spring-jcl-5.3.23.jar;C:\Users\815101909\.m2\repository\org\springframework\spring-expression\5.3.23\spring-expression-5.3.23.jar;C:\Users\815101909\.m2\repository\org\springframework\spring-web\5.3.23\spring-web-5.3.23.jar;C:\Users\815101909\.m2\repository\com\fasterxml\jackson\core\jackson-databind\2.12.3\jackson-databind-2.12.3.jar;C:\Users\815101909\.m2\repository\com\fasterxml\jackson\core\jackson-annotations\2.12.3\jackson-annotations-2.12.3.jar;C:\Users\815101909\.m2\repository\com\fasterxml\jackson\core\jackson-core\2.12.3\jackson-core-2.12.3.jar;C:\Users\815101909\.m2\repository\org\springframework\spring-jdbc\5.3.23\spring-jdbc-5.3.23.jar;C:\Users\815101909\.m2\repository\org\springframework\spring-tx\5.3.23\spring-tx-5.3.23.jar;C:\Users\815101909\.m2\repository\com\baomidou\mybatis-plus\3.4.3.4\mybatis-plus-3.4.3.4.jar;C:\Users\815101909\.m2\repository\com\baomidou\mybatis-plus-extension\3.4.3.4\mybatis-plus-extension-3.4.3.4.jar;C:\Users\815101909\.m2\repository\com\baomidou\mybatis-plus-core\3.4.3.4\mybatis-plus-core-3.4.3.4.jar;C:\Users\815101909\.m2\repository\com\baomidou\mybatis-plus-annotation\3.4.3.4\mybatis-plus-annotation-3.4.3.4.jar;C:\Users\815101909\.m2\repository\com\github\jsqlparser\jsqlparser\4.2\jsqlparser-4.2.jar;C:\Users\815101909\.m2\repository\org\mybatis\mybatis\3.5.7\mybatis-3.5.7.jar;C:\Users\815101909\.m2\repository\org\mybatis\mybatis-spring\2.0.6\mybatis-spring-2.0.6.jar;C:\Users\815101909\.m2\repository\mysql\mysql-connector-java\8.0.16\mysql-connector-java-8.0.16.jar;C:\Users\815101909\.m2\repository\com\google\protobuf\protobuf-java\3.6.1\protobuf-java-3.6.1.jar;C:\Users\815101909\.m2\repository\com\alibaba\druid\1.2.6\druid-1.2.6.jar;C:\Users\815101909\.m2\repository\junit\junit\4.12\junit-4.12.jar;C:\Users\815101909\.m2\repository\org\hamcrest\hamcrest-core\1.3\hamcrest-core-1.3.jar;C:\Users\815101909\.m2\repository\org\springframework\spring-test\5.3.23\spring-test-5.3.23.jar;C:\Users\815101909\.m2\repository\javax\annotation\javax.annotation-api\1.3.1\javax.annotation-api-1.3.1.jar;C:\Users\815101909\.m2\repository\javax\servlet\javax.servlet-api\3.1.0\javax.servlet-api-3.1.0.jar;C:\Users\815101909\.m2\repository\ch\qos\logback\logback-classic\1.4.5\logback-classic-1.4.5.jar;C:\Users\815101909\.m2\repository\ch\qos\logback\logback-core\1.4.5\logback-core-1.4.5.jar;C:\Users\815101909\.m2\repository\org\slf4j\slf4j-api\2.0.4\slf4j-api-2.0.4.jar;C:\Users\815101909\.m2\repository\com\github\penggle\kaptcha\2.3.2\kaptcha-2.3.2.jar;C:\Users\815101909\.m2\repository\com\jhlabs\filters\2.0.235-1\filters-2.0.235-1.jar;C:\Users\815101909\.m2\repository\commons-codec\commons-codec\1.15\commons-codec-1.15.jar;C:\Users\815101909\.m2\repository\commons-fileupload\commons-fileupload\1.5\commons-fileupload-1.5.jar;C:\Users\815101909\.m2\repository\commons-io\commons-io\2.11.0\commons-io-2.11.0.jar;"/>
    <property name="sun.cpu.endian" value="little"/>
    <property name="user.home" value="C:\Users\815101909"/>
    <property name="user.language" value="zh"/>
    <property name="java.specification.vendor" value="Oracle Corporation"/>
    <property name="java.version.date" value="2022-07-19"/>
    <property name="java.home" value="D:\tools\jdk-18.0.2"/>
    <property name="file.separator" value="\"/>
    <property name="basedir" value="D:\java project\mooc-reader"/>
    <property name="java.vm.compressedOopsMode" value="Zero based"/>
    <property name="line.separator" value="&#10;"/>
    <property name="java.vm.specification.vendor" value="Oracle Corporation"/>
    <property name="java.specification.name" value="Java Platform API Specification"/>
    <property name="surefire.real.class.path" value="C:\Users\815101909\AppData\Local\Temp\surefire6910665220204888984\surefirebooter-20230406100520514_3.jar"/>
    <property name="user.script" value=""/>
    <property name="sun.management.compiler" value="HotSpot 64-Bit Tiered Compilers"/>
    <property name="java.runtime.version" value="18.0.2+9-61"/>
    <property name="user.name" value="815101909"/>
    <property name="path.separator" value=";"/>
    <property name="os.version" value="10.0"/>
    <property name="java.runtime.name" value="Java(TM) SE Runtime Environment"/>
    <property name="file.encoding" value="UTF-8"/>
    <property name="java.vm.name" value="Java HotSpot(TM) 64-Bit Server VM"/>
    <property name="localRepository" value="C:\Users\815101909\.m2\repository"/>
    <property name="java.vendor.url.bug" value="https://bugreport.java.com/bugreport/"/>
    <property name="java.io.tmpdir" value="C:\Users\815101~1\AppData\Local\Temp\"/>
    <property name="idea.version" value="2022.2"/>
    <property name="java.version" value="18.0.2"/>
    <property name="user.dir" value="D:\java project\mooc-reader"/>
    <property name="os.arch" value="amd64"/>
    <property name="java.vm.specification.name" value="Java Virtual Machine Specification"/>
    <property name="sun.os.patch.level" value=""/>
    <property name="native.encoding" value="GBK"/>
    <property name="java.library.path" value="D:\tools\jdk-18.0.2\bin;C:\WINDOWS\Sun\Java\bin;C:\WINDOWS\system32;C:\WINDOWS;D:\VMware\VMware Workstation\bin\;C:\Program Files\NVIDIA GPU Computing Toolkit\CUDA\v11.8\bin;C:\Program Files\NVIDIA GPU Computing Toolkit\CUDA\v11.8\libnvvp;C:\Program Files\Common Files\Oracle\Java\javapath;C:\Program Files (x86)\Common Files\Oracle\Java\javapath;C:\Windows\system32;C:\Window;C:\Windows\System32\Wbe;C:\Windows\System32\WindowsPowerShell\v1.0;C:\Program Files (x86)\NVIDIA Corporation\PhysX\Common;C:\Program Files\NVIDIA Corporation\NVIDIA NvDLISR;D:\IntelliJ IDEA 2022.2\apache-tomcat-8.5.82\bin;C:\Program Files\MySQL\MySQL Server 8.0\bin;C:\Program Files\NVIDIA Corporation\Nsight Compute 2022.3.0\;D:\Git\cmd;D:\MinGW\bin;C:\Program Files\dotnet\;D:\Java\apache-maven-3.6.3\bin;D:\Java\apache-maven-3.6.3\bin;D:\Nodejs\node_global;D:\Nodejs\;C:\Windows\regedit.exe;D:\apache-tomcat-8.5.84\bin;D:\Devloper\Xshell 7\;D:\Devloper\Xftp 7\;C:\Windows\System32\Wbem;C:\WINDOWS\system32;C:\WINDOWS;C:\WINDOWS\System32\Wbem;C:\WINDOWS\System32\WindowsPowerShell\v1.0\;C:\WINDOWS\System32\OpenSSH\;E:\jdk\bin\bin;E:\jdk\bin\jre\bin;E:\QQ机器人官方API3.5版\ffmpeg-6.0-full_build\bin;C:\Users\815101909\AppData\Local\Programs\Python\Python310\Scripts\;C:\Users\815101909\AppData\Local\Programs\Python\Python310\;C:\Program Files\MySQL\MySQL Shell 8.0\bin\;C:\Users\815101909\AppData\Local\Microsoft\WindowsApps;E:\jdk\binbin;D:\Nodejs\node_global;C:\Windows;;D:\Microsoft VS Code\bin;C:\Users\815101909\.dotnet\tools;."/>
    <property name="java.vm.info" value="mixed mode, sharing"/>
    <property name="java.vendor" value="Oracle Corporation"/>
    <property name="java.vm.version" value="18.0.2+9-61"/>
    <property name="sun.io.unicode.encoding" value="UnicodeLittle"/>
    <property name="java.class.version" value="62.0"/>
  </properties>
  <testcase name="createMember1" classname="com.imooc.reader.service.MemberServiceTest" time="0.007">
    <error message="用户已存在" type="com.imooc.reader.service.exception.MemberException"><![CDATA[com.imooc.reader.service.exception.MemberException: 用户已存在
	at com.imooc.reader.service.impl.MemberServiceImpl.createMember(MemberServiceImpl.java:35)
	at java.base/jdk.internal.reflect.DirectMethodHandleAccessor.invoke(DirectMethodHandleAccessor.java:104)
	at java.base/java.lang.reflect.Method.invoke(Method.java:577)
	at org.springframework.aop.support.AopUtils.invokeJoinpointUsingReflection(AopUtils.java:344)
	at org.springframework.aop.framework.ReflectiveMethodInvocation.invokeJoinpoint(ReflectiveMethodInvocation.java:198)
	at org.springframework.aop.framework.ReflectiveMethodInvocation.proceed(ReflectiveMethodInvocation.java:163)
	at org.springframework.transaction.interceptor.TransactionInterceptor$1.proceedWithInvocation(TransactionInterceptor.java:123)
	at org.springframework.transaction.interceptor.TransactionAspectSupport.invokeWithinTransaction(TransactionAspectSupport.java:388)
	at org.springframework.transaction.interceptor.TransactionInterceptor.invoke(TransactionInterceptor.java:119)
	at org.springframework.aop.framework.ReflectiveMethodInvocation.proceed(ReflectiveMethodInvocation.java:186)
	at org.springframework.aop.framework.JdkDynamicAopProxy.invoke(JdkDynamicAopProxy.java:215)
	at jdk.proxy2/jdk.proxy2.$Proxy41.createMember(Unknown Source)
	at com.imooc.reader.service.MemberServiceTest.createMember1(MemberServiceTest.java:19)
	at java.base/jdk.internal.reflect.DirectMethodHandleAccessor.invoke(DirectMethodHandleAccessor.java:104)
	at java.base/java.lang.reflect.Method.invoke(Method.java:577)
	at org.junit.runners.model.FrameworkMethod$1.runReflectiveCall(FrameworkMethod.java:50)
	at org.junit.internal.runners.model.ReflectiveCallable.run(ReflectiveCallable.java:12)
	at org.junit.runners.model.FrameworkMethod.invokeExplosively(FrameworkMethod.java:47)
	at org.junit.internal.runners.statements.InvokeMethod.evaluate(InvokeMethod.java:17)
	at org.springframework.test.context.junit4.statements.RunBeforeTestExecutionCallbacks.evaluate(RunBeforeTestExecutionCallbacks.java:74)
	at org.springframework.test.context.junit4.statements.RunAfterTestExecutionCallbacks.evaluate(RunAfterTestExecutionCallbacks.java:84)
	at org.springframework.test.context.junit4.statements.RunBeforeTestMethodCallbacks.evaluate(RunBeforeTestMethodCallbacks.java:75)
	at org.springframework.test.context.junit4.statements.RunAfterTestMethodCallbacks.evaluate(RunAfterTestMethodCallbacks.java:86)
	at org.springframework.test.context.junit4.statements.SpringRepeat.evaluate(SpringRepeat.java:84)
	at org.junit.runners.ParentRunner.runLeaf(ParentRunner.java:325)
	at org.springframework.test.context.junit4.SpringJUnit4ClassRunner.runChild(SpringJUnit4ClassRunner.java:251)
	at org.springframework.test.context.junit4.SpringJUnit4ClassRunner.runChild(SpringJUnit4ClassRunner.java:97)
	at org.junit.runners.ParentRunner$3.run(ParentRunner.java:290)
	at org.junit.runners.ParentRunner$1.schedule(ParentRunner.java:71)
	at org.junit.runners.ParentRunner.runChildren(ParentRunner.java:288)
	at org.junit.runners.ParentRunner.access$000(ParentRunner.java:58)
	at org.junit.runners.ParentRunner$2.evaluate(ParentRunner.java:268)
	at org.springframework.test.context.junit4.statements.RunBeforeTestClassCallbacks.evaluate(RunBeforeTestClassCallbacks.java:61)
	at org.springframework.test.context.junit4.statements.RunAfterTestClassCallbacks.evaluate(RunAfterTestClassCallbacks.java:70)
	at org.junit.runners.ParentRunner.run(ParentRunner.java:363)
	at org.springframework.test.context.junit4.SpringJUnit4ClassRunner.run(SpringJUnit4ClassRunner.java:190)
	at org.apache.maven.surefire.junit4.JUnit4Provider.execute(JUnit4Provider.java:316)
	at org.apache.maven.surefire.junit4.JUnit4Provider.executeWithRerun(JUnit4Provider.java:240)
	at org.apache.maven.surefire.junit4.JUnit4Provider.executeTestSet(JUnit4Provider.java:214)
	at org.apache.maven.surefire.junit4.JUnit4Provider.invoke(JUnit4Provider.java:155)
	at org.apache.maven.surefire.booter.ForkedBooter.runSuitesInProcess(ForkedBooter.java:385)
	at org.apache.maven.surefire.booter.ForkedBooter.execute(ForkedBooter.java:162)
	at org.apache.maven.surefire.booter.ForkedBooter.run(ForkedBooter.java:507)
	at org.apache.maven.surefire.booter.ForkedBooter.main(ForkedBooter.java:495)
]]></error>
    <system-out><![CDATA[[main] 10:05:22 DEBUG o.s.t.c.j.SpringJUnit4ClassRunner - SpringJUnit4ClassRunner constructor called with [class com.imooc.reader.service.MemberServiceTest]
[main] 10:05:22 DEBUG o.s.t.context.BootstrapUtils - Instantiating CacheAwareContextLoaderDelegate from class [org.springframework.test.context.cache.DefaultCacheAwareContextLoaderDelegate]
[main] 10:05:22 DEBUG o.s.t.context.BootstrapUtils - Instantiating BootstrapContext using constructor [public org.springframework.test.context.support.DefaultBootstrapContext(java.lang.Class,org.springframework.test.context.CacheAwareContextLoaderDelegate)]
[main] 10:05:22 DEBUG o.s.t.context.BootstrapUtils - Instantiating TestContextBootstrapper for test class [com.imooc.reader.service.MemberServiceTest] from class [org.springframework.test.context.support.DefaultTestContextBootstrapper]
[main] 10:05:22 DEBUG o.s.t.c.s.AbstractDelegatingSmartContextLoader - Delegating to GenericXmlContextLoader to process context configuration [ContextConfigurationAttributes@5efe47fd declaringClass = 'com.imooc.reader.service.MemberServiceTest', classes = '{}', locations = '{classpath:applicationContext.xml}', inheritLocations = true, initializers = '{}', inheritInitializers = true, name = [null], contextLoaderClass = 'org.springframework.test.context.ContextLoader'].
[main] 10:05:22 DEBUG o.s.t.c.s.ActiveProfilesUtils - Could not find an 'annotation declaring class' for annotation type [org.springframework.test.context.ActiveProfiles] and class [com.imooc.reader.service.MemberServiceTest]
[main] 10:05:22 DEBUG o.s.t.c.s.DefaultTestContextBootstrapper - @TestExecutionListeners is not present for class [com.imooc.reader.service.MemberServiceTest]: using defaults.
[main] 10:05:22 INFO  o.s.t.c.s.DefaultTestContextBootstrapper - Loaded default TestExecutionListener class names from location [META-INF/spring.factories]: [org.springframework.test.context.web.ServletTestExecutionListener, org.springframework.test.context.support.DirtiesContextBeforeModesTestExecutionListener, org.springframework.test.context.event.ApplicationEventsTestExecutionListener, org.springframework.test.context.support.DependencyInjectionTestExecutionListener, org.springframework.test.context.support.DirtiesContextTestExecutionListener, org.springframework.test.context.transaction.TransactionalTestExecutionListener, org.springframework.test.context.jdbc.SqlScriptsTestExecutionListener, org.springframework.test.context.event.EventPublishingTestExecutionListener]
[main] 10:05:22 INFO  o.s.t.c.s.DefaultTestContextBootstrapper - Using TestExecutionListeners: [org.springframework.test.context.web.ServletTestExecutionListener@739831a4, org.springframework.test.context.support.DirtiesContextBeforeModesTestExecutionListener@7e3236d, org.springframework.test.context.event.ApplicationEventsTestExecutionListener@38a4e2b0, org.springframework.test.context.support.DependencyInjectionTestExecutionListener@14c99bf6, org.springframework.test.context.support.DirtiesContextTestExecutionListener@266e9dda, org.springframework.test.context.transaction.TransactionalTestExecutionListener@38883a31, org.springframework.test.context.jdbc.SqlScriptsTestExecutionListener@27a6fef2, org.springframework.test.context.event.EventPublishingTestExecutionListener@7fe8c7db]
[main] 10:05:22 DEBUG o.s.t.a.ProfileValueUtils - Retrieved @ProfileValueSourceConfiguration [null] for test class [com.imooc.reader.service.MemberServiceTest]
[main] 10:05:22 DEBUG o.s.t.a.ProfileValueUtils - Retrieved ProfileValueSource type [class org.springframework.test.annotation.SystemProfileValueSource] for class [com.imooc.reader.service.MemberServiceTest]
[main] 10:05:22 DEBUG o.s.t.a.ProfileValueUtils - Retrieved @ProfileValueSourceConfiguration [null] for test class [com.imooc.reader.service.MemberServiceTest]
[main] 10:05:22 DEBUG o.s.t.a.ProfileValueUtils - Retrieved ProfileValueSource type [class org.springframework.test.annotation.SystemProfileValueSource] for class [com.imooc.reader.service.MemberServiceTest]
[main] 10:05:22 DEBUG o.s.t.a.ProfileValueUtils - Retrieved @ProfileValueSourceConfiguration [null] for test class [com.imooc.reader.service.MemberServiceTest]
[main] 10:05:22 DEBUG o.s.t.a.ProfileValueUtils - Retrieved ProfileValueSource type [class org.springframework.test.annotation.SystemProfileValueSource] for class [com.imooc.reader.service.MemberServiceTest]
[main] 10:05:22 DEBUG o.s.t.c.s.AbstractDirtiesContextTestExecutionListener - Before test class: context [DefaultTestContext@2dba05b1 testClass = MemberServiceTest, testInstance = [null], testMethod = [null], testException = [null], mergedContextConfiguration = [MergedContextConfiguration@541afb85 testClass = MemberServiceTest, locations = '{classpath:applicationContext.xml}', classes = '{}', contextInitializerClasses = '[]', activeProfiles = '{}', propertySourceLocations = '{}', propertySourceProperties = '{}', contextCustomizers = set[[empty]], contextLoader = 'org.springframework.test.context.support.DelegatingSmartContextLoader', parent = [null]], attributes = map[[empty]]], class annotated with @DirtiesContext [false] with mode [null].
[main] 10:05:22 DEBUG o.s.t.c.c.DefaultCacheAwareContextLoaderDelegate - Retrieved ApplicationContext [1515877023] from cache with key [[MergedContextConfiguration@541afb85 testClass = MemberServiceTest, locations = '{classpath:applicationContext.xml}', classes = '{}', contextInitializerClasses = '[]', activeProfiles = '{}', propertySourceLocations = '{}', propertySourceProperties = '{}', contextCustomizers = set[[empty]], contextLoader = 'org.springframework.test.context.support.DelegatingSmartContextLoader', parent = [null]]]
[main] 10:05:22 DEBUG o.s.test.context.cache - Spring test ApplicationContext cache statistics: [DefaultContextCache@4c7e978c size = 1, maxSize = 32, parentContextCount = 0, hitCount = 23, missCount = 1]
[main] 10:05:22 DEBUG o.s.t.a.ProfileValueUtils - Retrieved @ProfileValueSourceConfiguration [null] for test class [com.imooc.reader.service.MemberServiceTest]
[main] 10:05:22 DEBUG o.s.t.a.ProfileValueUtils - Retrieved ProfileValueSource type [class org.springframework.test.annotation.SystemProfileValueSource] for class [com.imooc.reader.service.MemberServiceTest]
[main] 10:05:22 DEBUG o.s.t.c.s.DependencyInjectionTestExecutionListener - Performing dependency injection for test context [[DefaultTestContext@2dba05b1 testClass = MemberServiceTest, testInstance = com.imooc.reader.service.MemberServiceTest@445bce9a, testMethod = [null], testException = [null], mergedContextConfiguration = [MergedContextConfiguration@541afb85 testClass = MemberServiceTest, locations = '{classpath:applicationContext.xml}', classes = '{}', contextInitializerClasses = '[]', activeProfiles = '{}', propertySourceLocations = '{}', propertySourceProperties = '{}', contextCustomizers = set[[empty]], contextLoader = 'org.springframework.test.context.support.DelegatingSmartContextLoader', parent = [null]], attributes = map['org.springframework.test.context.event.ApplicationEventsTestExecutionListener.recordApplicationEvents' -> false]]].
[main] 10:05:22 DEBUG o.s.t.c.c.DefaultCacheAwareContextLoaderDelegate - Retrieved ApplicationContext [1515877023] from cache with key [[MergedContextConfiguration@541afb85 testClass = MemberServiceTest, locations = '{classpath:applicationContext.xml}', classes = '{}', contextInitializerClasses = '[]', activeProfiles = '{}', propertySourceLocations = '{}', propertySourceProperties = '{}', contextCustomizers = set[[empty]], contextLoader = 'org.springframework.test.context.support.DelegatingSmartContextLoader', parent = [null]]]
[main] 10:05:22 DEBUG o.s.test.context.cache - Spring test ApplicationContext cache statistics: [DefaultContextCache@4c7e978c size = 1, maxSize = 32, parentContextCount = 0, hitCount = 24, missCount = 1]
[main] 10:05:22 DEBUG o.s.t.c.c.DefaultCacheAwareContextLoaderDelegate - Retrieved ApplicationContext [1515877023] from cache with key [[MergedContextConfiguration@541afb85 testClass = MemberServiceTest, locations = '{classpath:applicationContext.xml}', classes = '{}', contextInitializerClasses = '[]', activeProfiles = '{}', propertySourceLocations = '{}', propertySourceProperties = '{}', contextCustomizers = set[[empty]], contextLoader = 'org.springframework.test.context.support.DelegatingSmartContextLoader', parent = [null]]]
[main] 10:05:22 DEBUG o.s.test.context.cache - Spring test ApplicationContext cache statistics: [DefaultContextCache@4c7e978c size = 1, maxSize = 32, parentContextCount = 0, hitCount = 25, missCount = 1]
[main] 10:05:22 DEBUG o.s.t.c.s.AbstractDirtiesContextTestExecutionListener - Before test method: context [DefaultTestContext@2dba05b1 testClass = MemberServiceTest, testInstance = com.imooc.reader.service.MemberServiceTest@445bce9a, testMethod = createMember1@MemberServiceTest, testException = [null], mergedContextConfiguration = [MergedContextConfiguration@541afb85 testClass = MemberServiceTest, locations = '{classpath:applicationContext.xml}', classes = '{}', contextInitializerClasses = '[]', activeProfiles = '{}', propertySourceLocations = '{}', propertySourceProperties = '{}', contextCustomizers = set[[empty]], contextLoader = 'org.springframework.test.context.support.DelegatingSmartContextLoader', parent = [null]], attributes = map['org.springframework.test.context.event.ApplicationEventsTestExecutionListener.recordApplicationEvents' -> false]], class annotated with @DirtiesContext [false] with mode [null], method annotated with @DirtiesContext [false] with mode [null].
[main] 10:05:22 DEBUG o.s.t.c.c.DefaultCacheAwareContextLoaderDelegate - Retrieved ApplicationContext [1515877023] from cache with key [[MergedContextConfiguration@541afb85 testClass = MemberServiceTest, locations = '{classpath:applicationContext.xml}', classes = '{}', contextInitializerClasses = '[]', activeProfiles = '{}', propertySourceLocations = '{}', propertySourceProperties = '{}', contextCustomizers = set[[empty]], contextLoader = 'org.springframework.test.context.support.DelegatingSmartContextLoader', parent = [null]]]
[main] 10:05:22 DEBUG o.s.test.context.cache - Spring test ApplicationContext cache statistics: [DefaultContextCache@4c7e978c size = 1, maxSize = 32, parentContextCount = 0, hitCount = 26, missCount = 1]
[main] 10:05:22 DEBUG o.s.t.c.c.DefaultCacheAwareContextLoaderDelegate - Retrieved ApplicationContext [1515877023] from cache with key [[MergedContextConfiguration@541afb85 testClass = MemberServiceTest, locations = '{classpath:applicationContext.xml}', classes = '{}', contextInitializerClasses = '[]', activeProfiles = '{}', propertySourceLocations = '{}', propertySourceProperties = '{}', contextCustomizers = set[[empty]], contextLoader = 'org.springframework.test.context.support.DelegatingSmartContextLoader', parent = [null]]]
[main] 10:05:22 DEBUG o.s.test.context.cache - Spring test ApplicationContext cache statistics: [DefaultContextCache@4c7e978c size = 1, maxSize = 32, parentContextCount = 0, hitCount = 27, missCount = 1]
[main] 10:05:22 DEBUG o.s.j.d.DataSourceTransactionManager - Creating new transaction with name [com.imooc.reader.service.impl.MemberServiceImpl.createMember]: PROPAGATION_REQUIRED,ISOLATION_DEFAULT,-java.lang.Exception
[main] 10:05:22 DEBUG o.s.j.d.DataSourceTransactionManager - Acquired Connection [com.mysql.cj.jdbc.ConnectionImpl@7a2fce12] for JDBC transaction
[main] 10:05:22 DEBUG o.s.j.d.DataSourceTransactionManager - Switching JDBC Connection [com.mysql.cj.jdbc.ConnectionImpl@7a2fce12] to manual commit
[main] 10:05:22 DEBUG o.m.spring.SqlSessionUtils - Creating a new SqlSession
[main] 10:05:22 DEBUG o.m.spring.SqlSessionUtils - Registering transaction synchronization for SqlSession [org.apache.ibatis.session.defaults.DefaultSqlSession@72557746]
[main] 10:05:22 DEBUG o.m.s.t.SpringManagedTransaction - JDBC Connection [com.mysql.cj.jdbc.ConnectionImpl@7a2fce12] will be managed by Spring
[main] 10:05:22 DEBUG c.i.r.m.M.selectList - ==>  Preparing: SELECT member_id,username,password,salt,nickname,create_time FROM member WHERE (username = ?)
[main] 10:05:22 DEBUG c.i.r.m.M.selectList - ==> Parameters: imooc_1(String)
[main] 10:05:22 DEBUG c.i.r.m.M.selectList - <==      Total: 1
[main] 10:05:22 DEBUG o.m.spring.SqlSessionUtils - Releasing transactional SqlSession [org.apache.ibatis.session.defaults.DefaultSqlSession@72557746]
[main] 10:05:22 DEBUG o.m.spring.SqlSessionUtils - Transaction synchronization deregistering SqlSession [org.apache.ibatis.session.defaults.DefaultSqlSession@72557746]
[main] 10:05:22 DEBUG o.m.spring.SqlSessionUtils - Transaction synchronization closing SqlSession [org.apache.ibatis.session.defaults.DefaultSqlSession@72557746]
[main] 10:05:22 DEBUG o.s.j.d.DataSourceTransactionManager - Initiating transaction rollback
[main] 10:05:22 DEBUG o.s.j.d.DataSourceTransactionManager - Rolling back JDBC transaction on Connection [com.mysql.cj.jdbc.ConnectionImpl@7a2fce12]
[main] 10:05:22 DEBUG o.s.j.d.DataSourceTransactionManager - Releasing JDBC Connection [com.mysql.cj.jdbc.ConnectionImpl@7a2fce12] after transaction
[main] 10:05:22 DEBUG o.s.t.c.c.DefaultCacheAwareContextLoaderDelegate - Retrieved ApplicationContext [1515877023] from cache with key [[MergedContextConfiguration@541afb85 testClass = MemberServiceTest, locations = '{classpath:applicationContext.xml}', classes = '{}', contextInitializerClasses = '[]', activeProfiles = '{}', propertySourceLocations = '{}', propertySourceProperties = '{}', contextCustomizers = set[[empty]], contextLoader = 'org.springframework.test.context.support.DelegatingSmartContextLoader', parent = [null]]]
[main] 10:05:22 DEBUG o.s.test.context.cache - Spring test ApplicationContext cache statistics: [DefaultContextCache@4c7e978c size = 1, maxSize = 32, parentContextCount = 0, hitCount = 28, missCount = 1]
[main] 10:05:22 DEBUG o.s.t.c.c.DefaultCacheAwareContextLoaderDelegate - Retrieved ApplicationContext [1515877023] from cache with key [[MergedContextConfiguration@541afb85 testClass = MemberServiceTest, locations = '{classpath:applicationContext.xml}', classes = '{}', contextInitializerClasses = '[]', activeProfiles = '{}', propertySourceLocations = '{}', propertySourceProperties = '{}', contextCustomizers = set[[empty]], contextLoader = 'org.springframework.test.context.support.DelegatingSmartContextLoader', parent = [null]]]
[main] 10:05:22 DEBUG o.s.test.context.cache - Spring test ApplicationContext cache statistics: [DefaultContextCache@4c7e978c size = 1, maxSize = 32, parentContextCount = 0, hitCount = 29, missCount = 1]
[main] 10:05:22 DEBUG o.s.t.c.s.AbstractDirtiesContextTestExecutionListener - After test method: context [DefaultTestContext@2dba05b1 testClass = MemberServiceTest, testInstance = com.imooc.reader.service.MemberServiceTest@445bce9a, testMethod = createMember1@MemberServiceTest, testException = com.imooc.reader.service.exception.MemberException: 用户已存在, mergedContextConfiguration = [MergedContextConfiguration@541afb85 testClass = MemberServiceTest, locations = '{classpath:applicationContext.xml}', classes = '{}', contextInitializerClasses = '[]', activeProfiles = '{}', propertySourceLocations = '{}', propertySourceProperties = '{}', contextCustomizers = set[[empty]], contextLoader = 'org.springframework.test.context.support.DelegatingSmartContextLoader', parent = [null]], attributes = map['org.springframework.test.context.event.ApplicationEventsTestExecutionListener.recordApplicationEvents' -> false]], class annotated with @DirtiesContext [false] with mode [null], method annotated with @DirtiesContext [false] with mode [null].
]]></system-out>
  </testcase>
  <testcase name="createMember2" classname="com.imooc.reader.service.MemberServiceTest" time="0.008">
    <error message="用户已存在" type="com.imooc.reader.service.exception.MemberException"><![CDATA[com.imooc.reader.service.exception.MemberException: 用户已存在
	at com.imooc.reader.service.impl.MemberServiceImpl.createMember(MemberServiceImpl.java:35)
	at java.base/jdk.internal.reflect.DirectMethodHandleAccessor.invoke(DirectMethodHandleAccessor.java:104)
	at java.base/java.lang.reflect.Method.invoke(Method.java:577)
	at org.springframework.aop.support.AopUtils.invokeJoinpointUsingReflection(AopUtils.java:344)
	at org.springframework.aop.framework.ReflectiveMethodInvocation.invokeJoinpoint(ReflectiveMethodInvocation.java:198)
	at org.springframework.aop.framework.ReflectiveMethodInvocation.proceed(ReflectiveMethodInvocation.java:163)
	at org.springframework.transaction.interceptor.TransactionInterceptor$1.proceedWithInvocation(TransactionInterceptor.java:123)
	at org.springframework.transaction.interceptor.TransactionAspectSupport.invokeWithinTransaction(TransactionAspectSupport.java:388)
	at org.springframework.transaction.interceptor.TransactionInterceptor.invoke(TransactionInterceptor.java:119)
	at org.springframework.aop.framework.ReflectiveMethodInvocation.proceed(ReflectiveMethodInvocation.java:186)
	at org.springframework.aop.framework.JdkDynamicAopProxy.invoke(JdkDynamicAopProxy.java:215)
	at jdk.proxy2/jdk.proxy2.$Proxy41.createMember(Unknown Source)
	at com.imooc.reader.service.MemberServiceTest.createMember2(MemberServiceTest.java:24)
	at java.base/jdk.internal.reflect.DirectMethodHandleAccessor.invoke(DirectMethodHandleAccessor.java:104)
	at java.base/java.lang.reflect.Method.invoke(Method.java:577)
	at org.junit.runners.model.FrameworkMethod$1.runReflectiveCall(FrameworkMethod.java:50)
	at org.junit.internal.runners.model.ReflectiveCallable.run(ReflectiveCallable.java:12)
	at org.junit.runners.model.FrameworkMethod.invokeExplosively(FrameworkMethod.java:47)
	at org.junit.internal.runners.statements.InvokeMethod.evaluate(InvokeMethod.java:17)
	at org.springframework.test.context.junit4.statements.RunBeforeTestExecutionCallbacks.evaluate(RunBeforeTestExecutionCallbacks.java:74)
	at org.springframework.test.context.junit4.statements.RunAfterTestExecutionCallbacks.evaluate(RunAfterTestExecutionCallbacks.java:84)
	at org.springframework.test.context.junit4.statements.RunBeforeTestMethodCallbacks.evaluate(RunBeforeTestMethodCallbacks.java:75)
	at org.springframework.test.context.junit4.statements.RunAfterTestMethodCallbacks.evaluate(RunAfterTestMethodCallbacks.java:86)
	at org.springframework.test.context.junit4.statements.SpringRepeat.evaluate(SpringRepeat.java:84)
	at org.junit.runners.ParentRunner.runLeaf(ParentRunner.java:325)
	at org.springframework.test.context.junit4.SpringJUnit4ClassRunner.runChild(SpringJUnit4ClassRunner.java:251)
	at org.springframework.test.context.junit4.SpringJUnit4ClassRunner.runChild(SpringJUnit4ClassRunner.java:97)
	at org.junit.runners.ParentRunner$3.run(ParentRunner.java:290)
	at org.junit.runners.ParentRunner$1.schedule(ParentRunner.java:71)
	at org.junit.runners.ParentRunner.runChildren(ParentRunner.java:288)
	at org.junit.runners.ParentRunner.access$000(ParentRunner.java:58)
	at org.junit.runners.ParentRunner$2.evaluate(ParentRunner.java:268)
	at org.springframework.test.context.junit4.statements.RunBeforeTestClassCallbacks.evaluate(RunBeforeTestClassCallbacks.java:61)
	at org.springframework.test.context.junit4.statements.RunAfterTestClassCallbacks.evaluate(RunAfterTestClassCallbacks.java:70)
	at org.junit.runners.ParentRunner.run(ParentRunner.java:363)
	at org.springframework.test.context.junit4.SpringJUnit4ClassRunner.run(SpringJUnit4ClassRunner.java:190)
	at org.apache.maven.surefire.junit4.JUnit4Provider.execute(JUnit4Provider.java:316)
	at org.apache.maven.surefire.junit4.JUnit4Provider.executeWithRerun(JUnit4Provider.java:240)
	at org.apache.maven.surefire.junit4.JUnit4Provider.executeTestSet(JUnit4Provider.java:214)
	at org.apache.maven.surefire.junit4.JUnit4Provider.invoke(JUnit4Provider.java:155)
	at org.apache.maven.surefire.booter.ForkedBooter.runSuitesInProcess(ForkedBooter.java:385)
	at org.apache.maven.surefire.booter.ForkedBooter.execute(ForkedBooter.java:162)
	at org.apache.maven.surefire.booter.ForkedBooter.run(ForkedBooter.java:507)
	at org.apache.maven.surefire.booter.ForkedBooter.main(ForkedBooter.java:495)
]]></error>
    <system-out><![CDATA[[main] 10:05:22 DEBUG o.s.t.a.ProfileValueUtils - Retrieved @ProfileValueSourceConfiguration [null] for test class [com.imooc.reader.service.MemberServiceTest]
[main] 10:05:22 DEBUG o.s.t.a.ProfileValueUtils - Retrieved ProfileValueSource type [class org.springframework.test.annotation.SystemProfileValueSource] for class [com.imooc.reader.service.MemberServiceTest]
[main] 10:05:22 DEBUG o.s.t.c.s.DependencyInjectionTestExecutionListener - Performing dependency injection for test context [[DefaultTestContext@2dba05b1 testClass = MemberServiceTest, testInstance = com.imooc.reader.service.MemberServiceTest@7a388990, testMethod = [null], testException = [null], mergedContextConfiguration = [MergedContextConfiguration@541afb85 testClass = MemberServiceTest, locations = '{classpath:applicationContext.xml}', classes = '{}', contextInitializerClasses = '[]', activeProfiles = '{}', propertySourceLocations = '{}', propertySourceProperties = '{}', contextCustomizers = set[[empty]], contextLoader = 'org.springframework.test.context.support.DelegatingSmartContextLoader', parent = [null]], attributes = map['org.springframework.test.context.event.ApplicationEventsTestExecutionListener.recordApplicationEvents' -> false]]].
[main] 10:05:22 DEBUG o.s.t.c.c.DefaultCacheAwareContextLoaderDelegate - Retrieved ApplicationContext [1515877023] from cache with key [[MergedContextConfiguration@541afb85 testClass = MemberServiceTest, locations = '{classpath:applicationContext.xml}', classes = '{}', contextInitializerClasses = '[]', activeProfiles = '{}', propertySourceLocations = '{}', propertySourceProperties = '{}', contextCustomizers = set[[empty]], contextLoader = 'org.springframework.test.context.support.DelegatingSmartContextLoader', parent = [null]]]
[main] 10:05:22 DEBUG o.s.test.context.cache - Spring test ApplicationContext cache statistics: [DefaultContextCache@4c7e978c size = 1, maxSize = 32, parentContextCount = 0, hitCount = 30, missCount = 1]
[main] 10:05:22 DEBUG o.s.t.c.c.DefaultCacheAwareContextLoaderDelegate - Retrieved ApplicationContext [1515877023] from cache with key [[MergedContextConfiguration@541afb85 testClass = MemberServiceTest, locations = '{classpath:applicationContext.xml}', classes = '{}', contextInitializerClasses = '[]', activeProfiles = '{}', propertySourceLocations = '{}', propertySourceProperties = '{}', contextCustomizers = set[[empty]], contextLoader = 'org.springframework.test.context.support.DelegatingSmartContextLoader', parent = [null]]]
[main] 10:05:22 DEBUG o.s.test.context.cache - Spring test ApplicationContext cache statistics: [DefaultContextCache@4c7e978c size = 1, maxSize = 32, parentContextCount = 0, hitCount = 31, missCount = 1]
[main] 10:05:22 DEBUG o.s.t.c.s.AbstractDirtiesContextTestExecutionListener - Before test method: context [DefaultTestContext@2dba05b1 testClass = MemberServiceTest, testInstance = com.imooc.reader.service.MemberServiceTest@7a388990, testMethod = createMember2@MemberServiceTest, testException = [null], mergedContextConfiguration = [MergedContextConfiguration@541afb85 testClass = MemberServiceTest, locations = '{classpath:applicationContext.xml}', classes = '{}', contextInitializerClasses = '[]', activeProfiles = '{}', propertySourceLocations = '{}', propertySourceProperties = '{}', contextCustomizers = set[[empty]], contextLoader = 'org.springframework.test.context.support.DelegatingSmartContextLoader', parent = [null]], attributes = map['org.springframework.test.context.event.ApplicationEventsTestExecutionListener.recordApplicationEvents' -> false]], class annotated with @DirtiesContext [false] with mode [null], method annotated with @DirtiesContext [false] with mode [null].
[main] 10:05:22 DEBUG o.s.t.c.c.DefaultCacheAwareContextLoaderDelegate - Retrieved ApplicationContext [1515877023] from cache with key [[MergedContextConfiguration@541afb85 testClass = MemberServiceTest, locations = '{classpath:applicationContext.xml}', classes = '{}', contextInitializerClasses = '[]', activeProfiles = '{}', propertySourceLocations = '{}', propertySourceProperties = '{}', contextCustomizers = set[[empty]], contextLoader = 'org.springframework.test.context.support.DelegatingSmartContextLoader', parent = [null]]]
[main] 10:05:22 DEBUG o.s.test.context.cache - Spring test ApplicationContext cache statistics: [DefaultContextCache@4c7e978c size = 1, maxSize = 32, parentContextCount = 0, hitCount = 32, missCount = 1]
[main] 10:05:22 DEBUG o.s.t.c.c.DefaultCacheAwareContextLoaderDelegate - Retrieved ApplicationContext [1515877023] from cache with key [[MergedContextConfiguration@541afb85 testClass = MemberServiceTest, locations = '{classpath:applicationContext.xml}', classes = '{}', contextInitializerClasses = '[]', activeProfiles = '{}', propertySourceLocations = '{}', propertySourceProperties = '{}', contextCustomizers = set[[empty]], contextLoader = 'org.springframework.test.context.support.DelegatingSmartContextLoader', parent = [null]]]
[main] 10:05:22 DEBUG o.s.test.context.cache - Spring test ApplicationContext cache statistics: [DefaultContextCache@4c7e978c size = 1, maxSize = 32, parentContextCount = 0, hitCount = 33, missCount = 1]
[main] 10:05:22 DEBUG o.s.j.d.DataSourceTransactionManager - Creating new transaction with name [com.imooc.reader.service.impl.MemberServiceImpl.createMember]: PROPAGATION_REQUIRED,ISOLATION_DEFAULT,-java.lang.Exception
[main] 10:05:22 DEBUG o.s.j.d.DataSourceTransactionManager - Acquired Connection [com.mysql.cj.jdbc.ConnectionImpl@7a2fce12] for JDBC transaction
[main] 10:05:22 DEBUG o.s.j.d.DataSourceTransactionManager - Switching JDBC Connection [com.mysql.cj.jdbc.ConnectionImpl@7a2fce12] to manual commit
[main] 10:05:22 DEBUG o.m.spring.SqlSessionUtils - Creating a new SqlSession
[main] 10:05:22 DEBUG o.m.spring.SqlSessionUtils - Registering transaction synchronization for SqlSession [org.apache.ibatis.session.defaults.DefaultSqlSession@4e4162bc]
[main] 10:05:22 DEBUG o.m.s.t.SpringManagedTransaction - JDBC Connection [com.mysql.cj.jdbc.ConnectionImpl@7a2fce12] will be managed by Spring
[main] 10:05:22 DEBUG c.i.r.m.M.selectList - ==>  Preparing: SELECT member_id,username,password,salt,nickname,create_time FROM member WHERE (username = ?)
[main] 10:05:22 DEBUG c.i.r.m.M.selectList - ==> Parameters: imooc_1000(String)
[main] 10:05:22 DEBUG c.i.r.m.M.selectList - <==      Total: 1
[main] 10:05:22 DEBUG o.m.spring.SqlSessionUtils - Releasing transactional SqlSession [org.apache.ibatis.session.defaults.DefaultSqlSession@4e4162bc]
[main] 10:05:22 DEBUG o.m.spring.SqlSessionUtils - Transaction synchronization deregistering SqlSession [org.apache.ibatis.session.defaults.DefaultSqlSession@4e4162bc]
[main] 10:05:22 DEBUG o.m.spring.SqlSessionUtils - Transaction synchronization closing SqlSession [org.apache.ibatis.session.defaults.DefaultSqlSession@4e4162bc]
[main] 10:05:22 DEBUG o.s.j.d.DataSourceTransactionManager - Initiating transaction rollback
[main] 10:05:22 DEBUG o.s.j.d.DataSourceTransactionManager - Rolling back JDBC transaction on Connection [com.mysql.cj.jdbc.ConnectionImpl@7a2fce12]
[main] 10:05:22 DEBUG o.s.j.d.DataSourceTransactionManager - Releasing JDBC Connection [com.mysql.cj.jdbc.ConnectionImpl@7a2fce12] after transaction
[main] 10:05:22 DEBUG o.s.t.c.c.DefaultCacheAwareContextLoaderDelegate - Retrieved ApplicationContext [1515877023] from cache with key [[MergedContextConfiguration@541afb85 testClass = MemberServiceTest, locations = '{classpath:applicationContext.xml}', classes = '{}', contextInitializerClasses = '[]', activeProfiles = '{}', propertySourceLocations = '{}', propertySourceProperties = '{}', contextCustomizers = set[[empty]], contextLoader = 'org.springframework.test.context.support.DelegatingSmartContextLoader', parent = [null]]]
[main] 10:05:22 DEBUG o.s.test.context.cache - Spring test ApplicationContext cache statistics: [DefaultContextCache@4c7e978c size = 1, maxSize = 32, parentContextCount = 0, hitCount = 34, missCount = 1]
[main] 10:05:22 DEBUG o.s.t.c.c.DefaultCacheAwareContextLoaderDelegate - Retrieved ApplicationContext [1515877023] from cache with key [[MergedContextConfiguration@541afb85 testClass = MemberServiceTest, locations = '{classpath:applicationContext.xml}', classes = '{}', contextInitializerClasses = '[]', activeProfiles = '{}', propertySourceLocations = '{}', propertySourceProperties = '{}', contextCustomizers = set[[empty]], contextLoader = 'org.springframework.test.context.support.DelegatingSmartContextLoader', parent = [null]]]
[main] 10:05:22 DEBUG o.s.test.context.cache - Spring test ApplicationContext cache statistics: [DefaultContextCache@4c7e978c size = 1, maxSize = 32, parentContextCount = 0, hitCount = 35, missCount = 1]
[main] 10:05:22 DEBUG o.s.t.c.s.AbstractDirtiesContextTestExecutionListener - After test method: context [DefaultTestContext@2dba05b1 testClass = MemberServiceTest, testInstance = com.imooc.reader.service.MemberServiceTest@7a388990, testMethod = createMember2@MemberServiceTest, testException = com.imooc.reader.service.exception.MemberException: 用户已存在, mergedContextConfiguration = [MergedContextConfiguration@541afb85 testClass = MemberServiceTest, locations = '{classpath:applicationContext.xml}', classes = '{}', contextInitializerClasses = '[]', activeProfiles = '{}', propertySourceLocations = '{}', propertySourceProperties = '{}', contextCustomizers = set[[empty]], contextLoader = 'org.springframework.test.context.support.DelegatingSmartContextLoader', parent = [null]], attributes = map['org.springframework.test.context.event.ApplicationEventsTestExecutionListener.recordApplicationEvents' -> false]], class annotated with @DirtiesContext [false] with mode [null], method annotated with @DirtiesContext [false] with mode [null].
]]></system-out>
  </testcase>
  <testcase name="checkLogin1" classname="com.imooc.reader.service.MemberServiceTest" time="0.006">
    <system-out><![CDATA[[main] 10:05:22 DEBUG o.s.t.a.ProfileValueUtils - Retrieved @ProfileValueSourceConfiguration [null] for test class [com.imooc.reader.service.MemberServiceTest]
[main] 10:05:22 DEBUG o.s.t.a.ProfileValueUtils - Retrieved ProfileValueSource type [class org.springframework.test.annotation.SystemProfileValueSource] for class [com.imooc.reader.service.MemberServiceTest]
[main] 10:05:22 DEBUG o.s.t.c.s.DependencyInjectionTestExecutionListener - Performing dependency injection for test context [[DefaultTestContext@2dba05b1 testClass = MemberServiceTest, testInstance = com.imooc.reader.service.MemberServiceTest@2d28fb02, testMethod = [null], testException = [null], mergedContextConfiguration = [MergedContextConfiguration@541afb85 testClass = MemberServiceTest, locations = '{classpath:applicationContext.xml}', classes = '{}', contextInitializerClasses = '[]', activeProfiles = '{}', propertySourceLocations = '{}', propertySourceProperties = '{}', contextCustomizers = set[[empty]], contextLoader = 'org.springframework.test.context.support.DelegatingSmartContextLoader', parent = [null]], attributes = map['org.springframework.test.context.event.ApplicationEventsTestExecutionListener.recordApplicationEvents' -> false]]].
[main] 10:05:22 DEBUG o.s.t.c.c.DefaultCacheAwareContextLoaderDelegate - Retrieved ApplicationContext [1515877023] from cache with key [[MergedContextConfiguration@541afb85 testClass = MemberServiceTest, locations = '{classpath:applicationContext.xml}', classes = '{}', contextInitializerClasses = '[]', activeProfiles = '{}', propertySourceLocations = '{}', propertySourceProperties = '{}', contextCustomizers = set[[empty]], contextLoader = 'org.springframework.test.context.support.DelegatingSmartContextLoader', parent = [null]]]
[main] 10:05:22 DEBUG o.s.test.context.cache - Spring test ApplicationContext cache statistics: [DefaultContextCache@4c7e978c size = 1, maxSize = 32, parentContextCount = 0, hitCount = 36, missCount = 1]
[main] 10:05:22 DEBUG o.s.t.c.c.DefaultCacheAwareContextLoaderDelegate - Retrieved ApplicationContext [1515877023] from cache with key [[MergedContextConfiguration@541afb85 testClass = MemberServiceTest, locations = '{classpath:applicationContext.xml}', classes = '{}', contextInitializerClasses = '[]', activeProfiles = '{}', propertySourceLocations = '{}', propertySourceProperties = '{}', contextCustomizers = set[[empty]], contextLoader = 'org.springframework.test.context.support.DelegatingSmartContextLoader', parent = [null]]]
[main] 10:05:22 DEBUG o.s.test.context.cache - Spring test ApplicationContext cache statistics: [DefaultContextCache@4c7e978c size = 1, maxSize = 32, parentContextCount = 0, hitCount = 37, missCount = 1]
[main] 10:05:22 DEBUG o.s.t.c.s.AbstractDirtiesContextTestExecutionListener - Before test method: context [DefaultTestContext@2dba05b1 testClass = MemberServiceTest, testInstance = com.imooc.reader.service.MemberServiceTest@2d28fb02, testMethod = checkLogin1@MemberServiceTest, testException = [null], mergedContextConfiguration = [MergedContextConfiguration@541afb85 testClass = MemberServiceTest, locations = '{classpath:applicationContext.xml}', classes = '{}', contextInitializerClasses = '[]', activeProfiles = '{}', propertySourceLocations = '{}', propertySourceProperties = '{}', contextCustomizers = set[[empty]], contextLoader = 'org.springframework.test.context.support.DelegatingSmartContextLoader', parent = [null]], attributes = map['org.springframework.test.context.event.ApplicationEventsTestExecutionListener.recordApplicationEvents' -> false]], class annotated with @DirtiesContext [false] with mode [null], method annotated with @DirtiesContext [false] with mode [null].
[main] 10:05:22 DEBUG o.s.t.c.c.DefaultCacheAwareContextLoaderDelegate - Retrieved ApplicationContext [1515877023] from cache with key [[MergedContextConfiguration@541afb85 testClass = MemberServiceTest, locations = '{classpath:applicationContext.xml}', classes = '{}', contextInitializerClasses = '[]', activeProfiles = '{}', propertySourceLocations = '{}', propertySourceProperties = '{}', contextCustomizers = set[[empty]], contextLoader = 'org.springframework.test.context.support.DelegatingSmartContextLoader', parent = [null]]]
[main] 10:05:22 DEBUG o.s.test.context.cache - Spring test ApplicationContext cache statistics: [DefaultContextCache@4c7e978c size = 1, maxSize = 32, parentContextCount = 0, hitCount = 38, missCount = 1]
[main] 10:05:22 DEBUG o.s.t.c.c.DefaultCacheAwareContextLoaderDelegate - Retrieved ApplicationContext [1515877023] from cache with key [[MergedContextConfiguration@541afb85 testClass = MemberServiceTest, locations = '{classpath:applicationContext.xml}', classes = '{}', contextInitializerClasses = '[]', activeProfiles = '{}', propertySourceLocations = '{}', propertySourceProperties = '{}', contextCustomizers = set[[empty]], contextLoader = 'org.springframework.test.context.support.DelegatingSmartContextLoader', parent = [null]]]
[main] 10:05:22 DEBUG o.s.test.context.cache - Spring test ApplicationContext cache statistics: [DefaultContextCache@4c7e978c size = 1, maxSize = 32, parentContextCount = 0, hitCount = 39, missCount = 1]
[main] 10:05:22 DEBUG o.m.spring.SqlSessionUtils - Creating a new SqlSession
[main] 10:05:22 DEBUG o.m.spring.SqlSessionUtils - Registering transaction synchronization for SqlSession [org.apache.ibatis.session.defaults.DefaultSqlSession@70b6db83]
[main] 10:05:22 DEBUG o.s.j.d.DataSourceUtils - Fetching JDBC Connection from DataSource
[main] 10:05:22 DEBUG o.m.s.t.SpringManagedTransaction - JDBC Connection [com.mysql.cj.jdbc.ConnectionImpl@7a2fce12] will be managed by Spring
[main] 10:05:22 DEBUG c.i.r.m.M.selectList - ==>  Preparing: SELECT member_id,username,password,salt,nickname,create_time FROM member WHERE (username = ?)
[main] 10:05:22 DEBUG c.i.r.m.M.selectList - ==> Parameters: imooc_1(String)
[main] 10:05:22 DEBUG c.i.r.m.M.selectList - <==      Total: 1
[main] 10:05:22 DEBUG o.m.spring.SqlSessionUtils - Releasing transactional SqlSession [org.apache.ibatis.session.defaults.DefaultSqlSession@70b6db83]
[main] 10:05:22 DEBUG o.m.spring.SqlSessionUtils - Transaction synchronization deregistering SqlSession [org.apache.ibatis.session.defaults.DefaultSqlSession@70b6db83]
[main] 10:05:22 DEBUG o.m.spring.SqlSessionUtils - Transaction synchronization closing SqlSession [org.apache.ibatis.session.defaults.DefaultSqlSession@70b6db83]
Member{memberId=1, username='imooc_1', password='319f25b32fd538728736a46392e89593', salt=1234, nickname='慕粉-1', createTime=Mon May 24 22:57:21 CST 2021}
[main] 10:05:22 DEBUG o.s.t.c.c.DefaultCacheAwareContextLoaderDelegate - Retrieved ApplicationContext [1515877023] from cache with key [[MergedContextConfiguration@541afb85 testClass = MemberServiceTest, locations = '{classpath:applicationContext.xml}', classes = '{}', contextInitializerClasses = '[]', activeProfiles = '{}', propertySourceLocations = '{}', propertySourceProperties = '{}', contextCustomizers = set[[empty]], contextLoader = 'org.springframework.test.context.support.DelegatingSmartContextLoader', parent = [null]]]
[main] 10:05:22 DEBUG o.s.test.context.cache - Spring test ApplicationContext cache statistics: [DefaultContextCache@4c7e978c size = 1, maxSize = 32, parentContextCount = 0, hitCount = 40, missCount = 1]
[main] 10:05:22 DEBUG o.s.t.c.c.DefaultCacheAwareContextLoaderDelegate - Retrieved ApplicationContext [1515877023] from cache with key [[MergedContextConfiguration@541afb85 testClass = MemberServiceTest, locations = '{classpath:applicationContext.xml}', classes = '{}', contextInitializerClasses = '[]', activeProfiles = '{}', propertySourceLocations = '{}', propertySourceProperties = '{}', contextCustomizers = set[[empty]], contextLoader = 'org.springframework.test.context.support.DelegatingSmartContextLoader', parent = [null]]]
[main] 10:05:22 DEBUG o.s.test.context.cache - Spring test ApplicationContext cache statistics: [DefaultContextCache@4c7e978c size = 1, maxSize = 32, parentContextCount = 0, hitCount = 41, missCount = 1]
[main] 10:05:22 DEBUG o.s.t.c.s.AbstractDirtiesContextTestExecutionListener - After test method: context [DefaultTestContext@2dba05b1 testClass = MemberServiceTest, testInstance = com.imooc.reader.service.MemberServiceTest@2d28fb02, testMethod = checkLogin1@MemberServiceTest, testException = [null], mergedContextConfiguration = [MergedContextConfiguration@541afb85 testClass = MemberServiceTest, locations = '{classpath:applicationContext.xml}', classes = '{}', contextInitializerClasses = '[]', activeProfiles = '{}', propertySourceLocations = '{}', propertySourceProperties = '{}', contextCustomizers = set[[empty]], contextLoader = 'org.springframework.test.context.support.DelegatingSmartContextLoader', parent = [null]], attributes = map['org.springframework.test.context.event.ApplicationEventsTestExecutionListener.recordApplicationEvents' -> false]], class annotated with @DirtiesContext [false] with mode [null], method annotated with @DirtiesContext [false] with mode [null].
]]></system-out>
  </testcase>
  <testcase name="checkLogin2" classname="com.imooc.reader.service.MemberServiceTest" time="0.007">
    <error message="用户不存在" type="com.imooc.reader.service.exception.MemberException"><![CDATA[com.imooc.reader.service.exception.MemberException: 用户不存在
	at com.imooc.reader.service.impl.MemberServiceImpl.checkLogin(MemberServiceImpl.java:56)
	at java.base/jdk.internal.reflect.DirectMethodHandleAccessor.invoke(DirectMethodHandleAccessor.java:104)
	at java.base/java.lang.reflect.Method.invoke(Method.java:577)
	at org.springframework.aop.support.AopUtils.invokeJoinpointUsingReflection(AopUtils.java:344)
	at org.springframework.aop.framework.ReflectiveMethodInvocation.invokeJoinpoint(ReflectiveMethodInvocation.java:198)
	at org.springframework.aop.framework.ReflectiveMethodInvocation.proceed(ReflectiveMethodInvocation.java:163)
	at org.springframework.transaction.interceptor.TransactionInterceptor$1.proceedWithInvocation(TransactionInterceptor.java:123)
	at org.springframework.transaction.interceptor.TransactionAspectSupport.invokeWithinTransaction(TransactionAspectSupport.java:388)
	at org.springframework.transaction.interceptor.TransactionInterceptor.invoke(TransactionInterceptor.java:119)
	at org.springframework.aop.framework.ReflectiveMethodInvocation.proceed(ReflectiveMethodInvocation.java:186)
	at org.springframework.aop.framework.JdkDynamicAopProxy.invoke(JdkDynamicAopProxy.java:215)
	at jdk.proxy2/jdk.proxy2.$Proxy41.checkLogin(Unknown Source)
	at com.imooc.reader.service.MemberServiceTest.checkLogin2(MemberServiceTest.java:36)
	at java.base/jdk.internal.reflect.DirectMethodHandleAccessor.invoke(DirectMethodHandleAccessor.java:104)
	at java.base/java.lang.reflect.Method.invoke(Method.java:577)
	at org.junit.runners.model.FrameworkMethod$1.runReflectiveCall(FrameworkMethod.java:50)
	at org.junit.internal.runners.model.ReflectiveCallable.run(ReflectiveCallable.java:12)
	at org.junit.runners.model.FrameworkMethod.invokeExplosively(FrameworkMethod.java:47)
	at org.junit.internal.runners.statements.InvokeMethod.evaluate(InvokeMethod.java:17)
	at org.springframework.test.context.junit4.statements.RunBeforeTestExecutionCallbacks.evaluate(RunBeforeTestExecutionCallbacks.java:74)
	at org.springframework.test.context.junit4.statements.RunAfterTestExecutionCallbacks.evaluate(RunAfterTestExecutionCallbacks.java:84)
	at org.springframework.test.context.junit4.statements.RunBeforeTestMethodCallbacks.evaluate(RunBeforeTestMethodCallbacks.java:75)
	at org.springframework.test.context.junit4.statements.RunAfterTestMethodCallbacks.evaluate(RunAfterTestMethodCallbacks.java:86)
	at org.springframework.test.context.junit4.statements.SpringRepeat.evaluate(SpringRepeat.java:84)
	at org.junit.runners.ParentRunner.runLeaf(ParentRunner.java:325)
	at org.springframework.test.context.junit4.SpringJUnit4ClassRunner.runChild(SpringJUnit4ClassRunner.java:251)
	at org.springframework.test.context.junit4.SpringJUnit4ClassRunner.runChild(SpringJUnit4ClassRunner.java:97)
	at org.junit.runners.ParentRunner$3.run(ParentRunner.java:290)
	at org.junit.runners.ParentRunner$1.schedule(ParentRunner.java:71)
	at org.junit.runners.ParentRunner.runChildren(ParentRunner.java:288)
	at org.junit.runners.ParentRunner.access$000(ParentRunner.java:58)
	at org.junit.runners.ParentRunner$2.evaluate(ParentRunner.java:268)
	at org.springframework.test.context.junit4.statements.RunBeforeTestClassCallbacks.evaluate(RunBeforeTestClassCallbacks.java:61)
	at org.springframework.test.context.junit4.statements.RunAfterTestClassCallbacks.evaluate(RunAfterTestClassCallbacks.java:70)
	at org.junit.runners.ParentRunner.run(ParentRunner.java:363)
	at org.springframework.test.context.junit4.SpringJUnit4ClassRunner.run(SpringJUnit4ClassRunner.java:190)
	at org.apache.maven.surefire.junit4.JUnit4Provider.execute(JUnit4Provider.java:316)
	at org.apache.maven.surefire.junit4.JUnit4Provider.executeWithRerun(JUnit4Provider.java:240)
	at org.apache.maven.surefire.junit4.JUnit4Provider.executeTestSet(JUnit4Provider.java:214)
	at org.apache.maven.surefire.junit4.JUnit4Provider.invoke(JUnit4Provider.java:155)
	at org.apache.maven.surefire.booter.ForkedBooter.runSuitesInProcess(ForkedBooter.java:385)
	at org.apache.maven.surefire.booter.ForkedBooter.execute(ForkedBooter.java:162)
	at org.apache.maven.surefire.booter.ForkedBooter.run(ForkedBooter.java:507)
	at org.apache.maven.surefire.booter.ForkedBooter.main(ForkedBooter.java:495)
]]></error>
    <system-out><![CDATA[[main] 10:05:22 DEBUG o.s.t.a.ProfileValueUtils - Retrieved @ProfileValueSourceConfiguration [null] for test class [com.imooc.reader.service.MemberServiceTest]
[main] 10:05:22 DEBUG o.s.t.a.ProfileValueUtils - Retrieved ProfileValueSource type [class org.springframework.test.annotation.SystemProfileValueSource] for class [com.imooc.reader.service.MemberServiceTest]
[main] 10:05:22 DEBUG o.s.t.c.s.DependencyInjectionTestExecutionListener - Performing dependency injection for test context [[DefaultTestContext@2dba05b1 testClass = MemberServiceTest, testInstance = com.imooc.reader.service.MemberServiceTest@cc9ef8d, testMethod = [null], testException = [null], mergedContextConfiguration = [MergedContextConfiguration@541afb85 testClass = MemberServiceTest, locations = '{classpath:applicationContext.xml}', classes = '{}', contextInitializerClasses = '[]', activeProfiles = '{}', propertySourceLocations = '{}', propertySourceProperties = '{}', contextCustomizers = set[[empty]], contextLoader = 'org.springframework.test.context.support.DelegatingSmartContextLoader', parent = [null]], attributes = map['org.springframework.test.context.event.ApplicationEventsTestExecutionListener.recordApplicationEvents' -> false]]].
[main] 10:05:22 DEBUG o.s.t.c.c.DefaultCacheAwareContextLoaderDelegate - Retrieved ApplicationContext [1515877023] from cache with key [[MergedContextConfiguration@541afb85 testClass = MemberServiceTest, locations = '{classpath:applicationContext.xml}', classes = '{}', contextInitializerClasses = '[]', activeProfiles = '{}', propertySourceLocations = '{}', propertySourceProperties = '{}', contextCustomizers = set[[empty]], contextLoader = 'org.springframework.test.context.support.DelegatingSmartContextLoader', parent = [null]]]
[main] 10:05:22 DEBUG o.s.test.context.cache - Spring test ApplicationContext cache statistics: [DefaultContextCache@4c7e978c size = 1, maxSize = 32, parentContextCount = 0, hitCount = 42, missCount = 1]
[main] 10:05:22 DEBUG o.s.t.c.c.DefaultCacheAwareContextLoaderDelegate - Retrieved ApplicationContext [1515877023] from cache with key [[MergedContextConfiguration@541afb85 testClass = MemberServiceTest, locations = '{classpath:applicationContext.xml}', classes = '{}', contextInitializerClasses = '[]', activeProfiles = '{}', propertySourceLocations = '{}', propertySourceProperties = '{}', contextCustomizers = set[[empty]], contextLoader = 'org.springframework.test.context.support.DelegatingSmartContextLoader', parent = [null]]]
[main] 10:05:22 DEBUG o.s.test.context.cache - Spring test ApplicationContext cache statistics: [DefaultContextCache@4c7e978c size = 1, maxSize = 32, parentContextCount = 0, hitCount = 43, missCount = 1]
[main] 10:05:22 DEBUG o.s.t.c.s.AbstractDirtiesContextTestExecutionListener - Before test method: context [DefaultTestContext@2dba05b1 testClass = MemberServiceTest, testInstance = com.imooc.reader.service.MemberServiceTest@cc9ef8d, testMethod = checkLogin2@MemberServiceTest, testException = [null], mergedContextConfiguration = [MergedContextConfiguration@541afb85 testClass = MemberServiceTest, locations = '{classpath:applicationContext.xml}', classes = '{}', contextInitializerClasses = '[]', activeProfiles = '{}', propertySourceLocations = '{}', propertySourceProperties = '{}', contextCustomizers = set[[empty]], contextLoader = 'org.springframework.test.context.support.DelegatingSmartContextLoader', parent = [null]], attributes = map['org.springframework.test.context.event.ApplicationEventsTestExecutionListener.recordApplicationEvents' -> false]], class annotated with @DirtiesContext [false] with mode [null], method annotated with @DirtiesContext [false] with mode [null].
[main] 10:05:22 DEBUG o.s.t.c.c.DefaultCacheAwareContextLoaderDelegate - Retrieved ApplicationContext [1515877023] from cache with key [[MergedContextConfiguration@541afb85 testClass = MemberServiceTest, locations = '{classpath:applicationContext.xml}', classes = '{}', contextInitializerClasses = '[]', activeProfiles = '{}', propertySourceLocations = '{}', propertySourceProperties = '{}', contextCustomizers = set[[empty]], contextLoader = 'org.springframework.test.context.support.DelegatingSmartContextLoader', parent = [null]]]
[main] 10:05:22 DEBUG o.s.test.context.cache - Spring test ApplicationContext cache statistics: [DefaultContextCache@4c7e978c size = 1, maxSize = 32, parentContextCount = 0, hitCount = 44, missCount = 1]
[main] 10:05:22 DEBUG o.s.t.c.c.DefaultCacheAwareContextLoaderDelegate - Retrieved ApplicationContext [1515877023] from cache with key [[MergedContextConfiguration@541afb85 testClass = MemberServiceTest, locations = '{classpath:applicationContext.xml}', classes = '{}', contextInitializerClasses = '[]', activeProfiles = '{}', propertySourceLocations = '{}', propertySourceProperties = '{}', contextCustomizers = set[[empty]], contextLoader = 'org.springframework.test.context.support.DelegatingSmartContextLoader', parent = [null]]]
[main] 10:05:22 DEBUG o.s.test.context.cache - Spring test ApplicationContext cache statistics: [DefaultContextCache@4c7e978c size = 1, maxSize = 32, parentContextCount = 0, hitCount = 45, missCount = 1]
[main] 10:05:22 DEBUG o.m.spring.SqlSessionUtils - Creating a new SqlSession
[main] 10:05:22 DEBUG o.m.spring.SqlSessionUtils - Registering transaction synchronization for SqlSession [org.apache.ibatis.session.defaults.DefaultSqlSession@c412556]
[main] 10:05:22 DEBUG o.s.j.d.DataSourceUtils - Fetching JDBC Connection from DataSource
[main] 10:05:22 DEBUG o.m.s.t.SpringManagedTransaction - JDBC Connection [com.mysql.cj.jdbc.ConnectionImpl@7a2fce12] will be managed by Spring
[main] 10:05:22 DEBUG c.i.r.m.M.selectList - ==>  Preparing: SELECT member_id,username,password,salt,nickname,create_time FROM member WHERE (username = ?)
[main] 10:05:22 DEBUG c.i.r.m.M.selectList - ==> Parameters: imooc_1x(String)
[main] 10:05:22 DEBUG c.i.r.m.M.selectList - <==      Total: 0
[main] 10:05:22 DEBUG o.m.spring.SqlSessionUtils - Releasing transactional SqlSession [org.apache.ibatis.session.defaults.DefaultSqlSession@c412556]
[main] 10:05:22 DEBUG o.m.spring.SqlSessionUtils - Transaction synchronization deregistering SqlSession [org.apache.ibatis.session.defaults.DefaultSqlSession@c412556]
[main] 10:05:22 DEBUG o.m.spring.SqlSessionUtils - Transaction synchronization closing SqlSession [org.apache.ibatis.session.defaults.DefaultSqlSession@c412556]
[main] 10:05:22 DEBUG o.s.j.d.DataSourceTransactionManager - Should roll back transaction but cannot - no transaction available
[main] 10:05:22 DEBUG o.s.t.c.c.DefaultCacheAwareContextLoaderDelegate - Retrieved ApplicationContext [1515877023] from cache with key [[MergedContextConfiguration@541afb85 testClass = MemberServiceTest, locations = '{classpath:applicationContext.xml}', classes = '{}', contextInitializerClasses = '[]', activeProfiles = '{}', propertySourceLocations = '{}', propertySourceProperties = '{}', contextCustomizers = set[[empty]], contextLoader = 'org.springframework.test.context.support.DelegatingSmartContextLoader', parent = [null]]]
[main] 10:05:22 DEBUG o.s.test.context.cache - Spring test ApplicationContext cache statistics: [DefaultContextCache@4c7e978c size = 1, maxSize = 32, parentContextCount = 0, hitCount = 46, missCount = 1]
[main] 10:05:22 DEBUG o.s.t.c.c.DefaultCacheAwareContextLoaderDelegate - Retrieved ApplicationContext [1515877023] from cache with key [[MergedContextConfiguration@541afb85 testClass = MemberServiceTest, locations = '{classpath:applicationContext.xml}', classes = '{}', contextInitializerClasses = '[]', activeProfiles = '{}', propertySourceLocations = '{}', propertySourceProperties = '{}', contextCustomizers = set[[empty]], contextLoader = 'org.springframework.test.context.support.DelegatingSmartContextLoader', parent = [null]]]
[main] 10:05:22 DEBUG o.s.test.context.cache - Spring test ApplicationContext cache statistics: [DefaultContextCache@4c7e978c size = 1, maxSize = 32, parentContextCount = 0, hitCount = 47, missCount = 1]
[main] 10:05:22 DEBUG o.s.t.c.s.AbstractDirtiesContextTestExecutionListener - After test method: context [DefaultTestContext@2dba05b1 testClass = MemberServiceTest, testInstance = com.imooc.reader.service.MemberServiceTest@cc9ef8d, testMethod = checkLogin2@MemberServiceTest, testException = com.imooc.reader.service.exception.MemberException: 用户不存在, mergedContextConfiguration = [MergedContextConfiguration@541afb85 testClass = MemberServiceTest, locations = '{classpath:applicationContext.xml}', classes = '{}', contextInitializerClasses = '[]', activeProfiles = '{}', propertySourceLocations = '{}', propertySourceProperties = '{}', contextCustomizers = set[[empty]], contextLoader = 'org.springframework.test.context.support.DelegatingSmartContextLoader', parent = [null]], attributes = map['org.springframework.test.context.event.ApplicationEventsTestExecutionListener.recordApplicationEvents' -> false]], class annotated with @DirtiesContext [false] with mode [null], method annotated with @DirtiesContext [false] with mode [null].
]]></system-out>
  </testcase>
  <testcase name="checkLogin3" classname="com.imooc.reader.service.MemberServiceTest" time="0.006">
    <error message="您输入的密码有误" type="com.imooc.reader.service.exception.MemberException"><![CDATA[com.imooc.reader.service.exception.MemberException: 您输入的密码有误
	at com.imooc.reader.service.impl.MemberServiceImpl.checkLogin(MemberServiceImpl.java:60)
	at java.base/jdk.internal.reflect.DirectMethodHandleAccessor.invoke(DirectMethodHandleAccessor.java:104)
	at java.base/java.lang.reflect.Method.invoke(Method.java:577)
	at org.springframework.aop.support.AopUtils.invokeJoinpointUsingReflection(AopUtils.java:344)
	at org.springframework.aop.framework.ReflectiveMethodInvocation.invokeJoinpoint(ReflectiveMethodInvocation.java:198)
	at org.springframework.aop.framework.ReflectiveMethodInvocation.proceed(ReflectiveMethodInvocation.java:163)
	at org.springframework.transaction.interceptor.TransactionInterceptor$1.proceedWithInvocation(TransactionInterceptor.java:123)
	at org.springframework.transaction.interceptor.TransactionAspectSupport.invokeWithinTransaction(TransactionAspectSupport.java:388)
	at org.springframework.transaction.interceptor.TransactionInterceptor.invoke(TransactionInterceptor.java:119)
	at org.springframework.aop.framework.ReflectiveMethodInvocation.proceed(ReflectiveMethodInvocation.java:186)
	at org.springframework.aop.framework.JdkDynamicAopProxy.invoke(JdkDynamicAopProxy.java:215)
	at jdk.proxy2/jdk.proxy2.$Proxy41.checkLogin(Unknown Source)
	at com.imooc.reader.service.MemberServiceTest.checkLogin3(MemberServiceTest.java:42)
	at java.base/jdk.internal.reflect.DirectMethodHandleAccessor.invoke(DirectMethodHandleAccessor.java:104)
	at java.base/java.lang.reflect.Method.invoke(Method.java:577)
	at org.junit.runners.model.FrameworkMethod$1.runReflectiveCall(FrameworkMethod.java:50)
	at org.junit.internal.runners.model.ReflectiveCallable.run(ReflectiveCallable.java:12)
	at org.junit.runners.model.FrameworkMethod.invokeExplosively(FrameworkMethod.java:47)
	at org.junit.internal.runners.statements.InvokeMethod.evaluate(InvokeMethod.java:17)
	at org.springframework.test.context.junit4.statements.RunBeforeTestExecutionCallbacks.evaluate(RunBeforeTestExecutionCallbacks.java:74)
	at org.springframework.test.context.junit4.statements.RunAfterTestExecutionCallbacks.evaluate(RunAfterTestExecutionCallbacks.java:84)
	at org.springframework.test.context.junit4.statements.RunBeforeTestMethodCallbacks.evaluate(RunBeforeTestMethodCallbacks.java:75)
	at org.springframework.test.context.junit4.statements.RunAfterTestMethodCallbacks.evaluate(RunAfterTestMethodCallbacks.java:86)
	at org.springframework.test.context.junit4.statements.SpringRepeat.evaluate(SpringRepeat.java:84)
	at org.junit.runners.ParentRunner.runLeaf(ParentRunner.java:325)
	at org.springframework.test.context.junit4.SpringJUnit4ClassRunner.runChild(SpringJUnit4ClassRunner.java:251)
	at org.springframework.test.context.junit4.SpringJUnit4ClassRunner.runChild(SpringJUnit4ClassRunner.java:97)
	at org.junit.runners.ParentRunner$3.run(ParentRunner.java:290)
	at org.junit.runners.ParentRunner$1.schedule(ParentRunner.java:71)
	at org.junit.runners.ParentRunner.runChildren(ParentRunner.java:288)
	at org.junit.runners.ParentRunner.access$000(ParentRunner.java:58)
	at org.junit.runners.ParentRunner$2.evaluate(ParentRunner.java:268)
	at org.springframework.test.context.junit4.statements.RunBeforeTestClassCallbacks.evaluate(RunBeforeTestClassCallbacks.java:61)
	at org.springframework.test.context.junit4.statements.RunAfterTestClassCallbacks.evaluate(RunAfterTestClassCallbacks.java:70)
	at org.junit.runners.ParentRunner.run(ParentRunner.java:363)
	at org.springframework.test.context.junit4.SpringJUnit4ClassRunner.run(SpringJUnit4ClassRunner.java:190)
	at org.apache.maven.surefire.junit4.JUnit4Provider.execute(JUnit4Provider.java:316)
	at org.apache.maven.surefire.junit4.JUnit4Provider.executeWithRerun(JUnit4Provider.java:240)
	at org.apache.maven.surefire.junit4.JUnit4Provider.executeTestSet(JUnit4Provider.java:214)
	at org.apache.maven.surefire.junit4.JUnit4Provider.invoke(JUnit4Provider.java:155)
	at org.apache.maven.surefire.booter.ForkedBooter.runSuitesInProcess(ForkedBooter.java:385)
	at org.apache.maven.surefire.booter.ForkedBooter.execute(ForkedBooter.java:162)
	at org.apache.maven.surefire.booter.ForkedBooter.run(ForkedBooter.java:507)
	at org.apache.maven.surefire.booter.ForkedBooter.main(ForkedBooter.java:495)
]]></error>
    <system-out><![CDATA[[main] 10:05:22 DEBUG o.s.t.a.ProfileValueUtils - Retrieved @ProfileValueSourceConfiguration [null] for test class [com.imooc.reader.service.MemberServiceTest]
[main] 10:05:22 DEBUG o.s.t.a.ProfileValueUtils - Retrieved ProfileValueSource type [class org.springframework.test.annotation.SystemProfileValueSource] for class [com.imooc.reader.service.MemberServiceTest]
[main] 10:05:22 DEBUG o.s.t.c.s.DependencyInjectionTestExecutionListener - Performing dependency injection for test context [[DefaultTestContext@2dba05b1 testClass = MemberServiceTest, testInstance = com.imooc.reader.service.MemberServiceTest@329dc214, testMethod = [null], testException = [null], mergedContextConfiguration = [MergedContextConfiguration@541afb85 testClass = MemberServiceTest, locations = '{classpath:applicationContext.xml}', classes = '{}', contextInitializerClasses = '[]', activeProfiles = '{}', propertySourceLocations = '{}', propertySourceProperties = '{}', contextCustomizers = set[[empty]], contextLoader = 'org.springframework.test.context.support.DelegatingSmartContextLoader', parent = [null]], attributes = map['org.springframework.test.context.event.ApplicationEventsTestExecutionListener.recordApplicationEvents' -> false]]].
[main] 10:05:22 DEBUG o.s.t.c.c.DefaultCacheAwareContextLoaderDelegate - Retrieved ApplicationContext [1515877023] from cache with key [[MergedContextConfiguration@541afb85 testClass = MemberServiceTest, locations = '{classpath:applicationContext.xml}', classes = '{}', contextInitializerClasses = '[]', activeProfiles = '{}', propertySourceLocations = '{}', propertySourceProperties = '{}', contextCustomizers = set[[empty]], contextLoader = 'org.springframework.test.context.support.DelegatingSmartContextLoader', parent = [null]]]
[main] 10:05:22 DEBUG o.s.test.context.cache - Spring test ApplicationContext cache statistics: [DefaultContextCache@4c7e978c size = 1, maxSize = 32, parentContextCount = 0, hitCount = 48, missCount = 1]
[main] 10:05:22 DEBUG o.s.t.c.c.DefaultCacheAwareContextLoaderDelegate - Retrieved ApplicationContext [1515877023] from cache with key [[MergedContextConfiguration@541afb85 testClass = MemberServiceTest, locations = '{classpath:applicationContext.xml}', classes = '{}', contextInitializerClasses = '[]', activeProfiles = '{}', propertySourceLocations = '{}', propertySourceProperties = '{}', contextCustomizers = set[[empty]], contextLoader = 'org.springframework.test.context.support.DelegatingSmartContextLoader', parent = [null]]]
[main] 10:05:22 DEBUG o.s.test.context.cache - Spring test ApplicationContext cache statistics: [DefaultContextCache@4c7e978c size = 1, maxSize = 32, parentContextCount = 0, hitCount = 49, missCount = 1]
[main] 10:05:22 DEBUG o.s.t.c.s.AbstractDirtiesContextTestExecutionListener - Before test method: context [DefaultTestContext@2dba05b1 testClass = MemberServiceTest, testInstance = com.imooc.reader.service.MemberServiceTest@329dc214, testMethod = checkLogin3@MemberServiceTest, testException = [null], mergedContextConfiguration = [MergedContextConfiguration@541afb85 testClass = MemberServiceTest, locations = '{classpath:applicationContext.xml}', classes = '{}', contextInitializerClasses = '[]', activeProfiles = '{}', propertySourceLocations = '{}', propertySourceProperties = '{}', contextCustomizers = set[[empty]], contextLoader = 'org.springframework.test.context.support.DelegatingSmartContextLoader', parent = [null]], attributes = map['org.springframework.test.context.event.ApplicationEventsTestExecutionListener.recordApplicationEvents' -> false]], class annotated with @DirtiesContext [false] with mode [null], method annotated with @DirtiesContext [false] with mode [null].
[main] 10:05:22 DEBUG o.s.t.c.c.DefaultCacheAwareContextLoaderDelegate - Retrieved ApplicationContext [1515877023] from cache with key [[MergedContextConfiguration@541afb85 testClass = MemberServiceTest, locations = '{classpath:applicationContext.xml}', classes = '{}', contextInitializerClasses = '[]', activeProfiles = '{}', propertySourceLocations = '{}', propertySourceProperties = '{}', contextCustomizers = set[[empty]], contextLoader = 'org.springframework.test.context.support.DelegatingSmartContextLoader', parent = [null]]]
[main] 10:05:22 DEBUG o.s.test.context.cache - Spring test ApplicationContext cache statistics: [DefaultContextCache@4c7e978c size = 1, maxSize = 32, parentContextCount = 0, hitCount = 50, missCount = 1]
[main] 10:05:22 DEBUG o.s.t.c.c.DefaultCacheAwareContextLoaderDelegate - Retrieved ApplicationContext [1515877023] from cache with key [[MergedContextConfiguration@541afb85 testClass = MemberServiceTest, locations = '{classpath:applicationContext.xml}', classes = '{}', contextInitializerClasses = '[]', activeProfiles = '{}', propertySourceLocations = '{}', propertySourceProperties = '{}', contextCustomizers = set[[empty]], contextLoader = 'org.springframework.test.context.support.DelegatingSmartContextLoader', parent = [null]]]
[main] 10:05:22 DEBUG o.s.test.context.cache - Spring test ApplicationContext cache statistics: [DefaultContextCache@4c7e978c size = 1, maxSize = 32, parentContextCount = 0, hitCount = 51, missCount = 1]
[main] 10:05:22 DEBUG o.m.spring.SqlSessionUtils - Creating a new SqlSession
[main] 10:05:22 DEBUG o.m.spring.SqlSessionUtils - Registering transaction synchronization for SqlSession [org.apache.ibatis.session.defaults.DefaultSqlSession@64021427]
[main] 10:05:22 DEBUG o.s.j.d.DataSourceUtils - Fetching JDBC Connection from DataSource
[main] 10:05:22 DEBUG o.m.s.t.SpringManagedTransaction - JDBC Connection [com.mysql.cj.jdbc.ConnectionImpl@7a2fce12] will be managed by Spring
[main] 10:05:22 DEBUG c.i.r.m.M.selectList - ==>  Preparing: SELECT member_id,username,password,salt,nickname,create_time FROM member WHERE (username = ?)
[main] 10:05:22 DEBUG c.i.r.m.M.selectList - ==> Parameters: imooc_1(String)
[main] 10:05:22 DEBUG c.i.r.m.M.selectList - <==      Total: 1
[main] 10:05:22 DEBUG o.m.spring.SqlSessionUtils - Releasing transactional SqlSession [org.apache.ibatis.session.defaults.DefaultSqlSession@64021427]
[main] 10:05:22 DEBUG o.m.spring.SqlSessionUtils - Transaction synchronization deregistering SqlSession [org.apache.ibatis.session.defaults.DefaultSqlSession@64021427]
[main] 10:05:22 DEBUG o.m.spring.SqlSessionUtils - Transaction synchronization closing SqlSession [org.apache.ibatis.session.defaults.DefaultSqlSession@64021427]
[main] 10:05:22 DEBUG o.s.j.d.DataSourceTransactionManager - Should roll back transaction but cannot - no transaction available
[main] 10:05:22 DEBUG o.s.t.c.c.DefaultCacheAwareContextLoaderDelegate - Retrieved ApplicationContext [1515877023] from cache with key [[MergedContextConfiguration@541afb85 testClass = MemberServiceTest, locations = '{classpath:applicationContext.xml}', classes = '{}', contextInitializerClasses = '[]', activeProfiles = '{}', propertySourceLocations = '{}', propertySourceProperties = '{}', contextCustomizers = set[[empty]], contextLoader = 'org.springframework.test.context.support.DelegatingSmartContextLoader', parent = [null]]]
[main] 10:05:22 DEBUG o.s.test.context.cache - Spring test ApplicationContext cache statistics: [DefaultContextCache@4c7e978c size = 1, maxSize = 32, parentContextCount = 0, hitCount = 52, missCount = 1]
[main] 10:05:22 DEBUG o.s.t.c.c.DefaultCacheAwareContextLoaderDelegate - Retrieved ApplicationContext [1515877023] from cache with key [[MergedContextConfiguration@541afb85 testClass = MemberServiceTest, locations = '{classpath:applicationContext.xml}', classes = '{}', contextInitializerClasses = '[]', activeProfiles = '{}', propertySourceLocations = '{}', propertySourceProperties = '{}', contextCustomizers = set[[empty]], contextLoader = 'org.springframework.test.context.support.DelegatingSmartContextLoader', parent = [null]]]
[main] 10:05:22 DEBUG o.s.test.context.cache - Spring test ApplicationContext cache statistics: [DefaultContextCache@4c7e978c size = 1, maxSize = 32, parentContextCount = 0, hitCount = 53, missCount = 1]
[main] 10:05:22 DEBUG o.s.t.c.s.AbstractDirtiesContextTestExecutionListener - After test method: context [DefaultTestContext@2dba05b1 testClass = MemberServiceTest, testInstance = com.imooc.reader.service.MemberServiceTest@329dc214, testMethod = checkLogin3@MemberServiceTest, testException = com.imooc.reader.service.exception.MemberException: 您输入的密码有误, mergedContextConfiguration = [MergedContextConfiguration@541afb85 testClass = MemberServiceTest, locations = '{classpath:applicationContext.xml}', classes = '{}', contextInitializerClasses = '[]', activeProfiles = '{}', propertySourceLocations = '{}', propertySourceProperties = '{}', contextCustomizers = set[[empty]], contextLoader = 'org.springframework.test.context.support.DelegatingSmartContextLoader', parent = [null]], attributes = map['org.springframework.test.context.event.ApplicationEventsTestExecutionListener.recordApplicationEvents' -> false]], class annotated with @DirtiesContext [false] with mode [null], method annotated with @DirtiesContext [false] with mode [null].
]]></system-out>
  </testcase>
</testsuite>