<?xml version="1.0" encoding="UTF-8"?>
<testsuite xmlns:xsi="http://www.w3.org/2001/XMLSchema-instance" xsi:noNamespaceSchemaLocation="https://maven.apache.org/surefire/maven-surefire-plugin/xsd/surefire-test-report-3.0.xsd" version="3.0" name="com.imooc.reader.mapper.EvaluationMapperTest" time="1.601" tests="1" errors="0" skipped="0" failures="0">
  <properties>
    <property name="java.specification.version" value="18"/>
    <property name="sun.cpu.isalist" value="amd64"/>
    <property name="sun.jnu.encoding" value="GBK"/>
    <property name="java.class.path" value="D:\java project\mooc-reader\target\test-classes;D:\java project\mooc-reader\target\classes;C:\Users\815101909\.m2\repository\org\springframework\spring-webmvc\5.3.23\spring-webmvc-5.3.23.jar;C:\Users\815101909\.m2\repository\org\springframework\spring-aop\5.3.23\spring-aop-5.3.23.jar;C:\Users\815101909\.m2\repository\org\springframework\spring-beans\5.3.23\spring-beans-5.3.23.jar;C:\Users\815101909\.m2\repository\org\springframework\spring-context\5.3.23\spring-context-5.3.23.jar;C:\Users\815101909\.m2\repository\org\springframework\spring-core\5.3.23\spring-core-5.3.23.jar;C:\Users\815101909\.m2\repository\org\springframework\spring-jcl\5.3.23\spring-jcl-5.3.23.jar;C:\Users\815101909\.m2\repository\org\springframework\spring-expression\5.3.23\spring-expression-5.3.23.jar;C:\Users\815101909\.m2\repository\org\springframework\spring-web\5.3.23\spring-web-5.3.23.jar;C:\Users\815101909\.m2\repository\com\fasterxml\jackson\core\jackson-databind\2.12.3\jackson-databind-2.12.3.jar;C:\Users\815101909\.m2\repository\com\fasterxml\jackson\core\jackson-annotations\2.12.3\jackson-annotations-2.12.3.jar;C:\Users\815101909\.m2\repository\com\fasterxml\jackson\core\jackson-core\2.12.3\jackson-core-2.12.3.jar;C:\Users\815101909\.m2\repository\org\springframework\spring-jdbc\5.3.23\spring-jdbc-5.3.23.jar;C:\Users\815101909\.m2\repository\org\springframework\spring-tx\5.3.23\spring-tx-5.3.23.jar;C:\Users\815101909\.m2\repository\com\baomidou\mybatis-plus\3.4.3.4\mybatis-plus-3.4.3.4.jar;C:\Users\815101909\.m2\repository\com\baomidou\mybatis-plus-extension\3.4.3.4\mybatis-plus-extension-3.4.3.4.jar;C:\Users\815101909\.m2\repository\com\baomidou\mybatis-plus-core\3.4.3.4\mybatis-plus-core-3.4.3.4.jar;C:\Users\815101909\.m2\repository\com\baomidou\mybatis-plus-annotation\3.4.3.4\mybatis-plus-annotation-3.4.3.4.jar;C:\Users\815101909\.m2\repository\com\github\jsqlparser\jsqlparser\4.2\jsqlparser-4.2.jar;C:\Users\815101909\.m2\repository\org\mybatis\mybatis\3.5.7\mybatis-3.5.7.jar;C:\Users\815101909\.m2\repository\org\mybatis\mybatis-spring\2.0.6\mybatis-spring-2.0.6.jar;C:\Users\815101909\.m2\repository\mysql\mysql-connector-java\8.0.16\mysql-connector-java-8.0.16.jar;C:\Users\815101909\.m2\repository\com\google\protobuf\protobuf-java\3.6.1\protobuf-java-3.6.1.jar;C:\Users\815101909\.m2\repository\com\alibaba\druid\1.2.6\druid-1.2.6.jar;C:\Users\815101909\.m2\repository\junit\junit\4.12\junit-4.12.jar;C:\Users\815101909\.m2\repository\org\hamcrest\hamcrest-core\1.3\hamcrest-core-1.3.jar;C:\Users\815101909\.m2\repository\org\springframework\spring-test\5.3.23\spring-test-5.3.23.jar;C:\Users\815101909\.m2\repository\javax\annotation\javax.annotation-api\1.3.1\javax.annotation-api-1.3.1.jar;C:\Users\815101909\.m2\repository\javax\servlet\javax.servlet-api\3.1.0\javax.servlet-api-3.1.0.jar;C:\Users\815101909\.m2\repository\ch\qos\logback\logback-classic\1.4.5\logback-classic-1.4.5.jar;C:\Users\815101909\.m2\repository\ch\qos\logback\logback-core\1.4.5\logback-core-1.4.5.jar;C:\Users\815101909\.m2\repository\org\slf4j\slf4j-api\2.0.4\slf4j-api-2.0.4.jar;C:\Users\815101909\.m2\repository\com\github\penggle\kaptcha\2.3.2\kaptcha-2.3.2.jar;C:\Users\815101909\.m2\repository\com\jhlabs\filters\2.0.235-1\filters-2.0.235-1.jar;C:\Users\815101909\.m2\repository\commons-codec\commons-codec\1.15\commons-codec-1.15.jar;C:\Users\815101909\.m2\repository\commons-fileupload\commons-fileupload\1.5\commons-fileupload-1.5.jar;C:\Users\815101909\.m2\repository\commons-io\commons-io\2.11.0\commons-io-2.11.0.jar;"/>
    <property name="java.vm.vendor" value="Oracle Corporation"/>
    <property name="sun.arch.data.model" value="64"/>
    <property name="user.variant" value=""/>
    <property name="java.vendor.url" value="https://java.oracle.com/"/>
    <property name="user.timezone" value="Asia/Shanghai"/>
    <property name="os.name" value="Windows 11"/>
    <property name="java.vm.specification.version" value="18"/>
    <property name="sun.java.launcher" value="SUN_STANDARD"/>
    <property name="user.country" value="CN"/>
    <property name="sun.boot.library.path" value="D:\tools\jdk-18.0.2\bin"/>
    <property name="sun.java.command" value="C:\Users\815101909\AppData\Local\Temp\surefire6910665220204888984\surefirebooter-20230406100520514_3.jar C:\Users\815101909\AppData\Local\Temp\surefire6910665220204888984 2023-04-06T10-05-19_311-jvmRun1 surefire-20230406100520514_1tmp surefire_0-20230406100520514_2tmp"/>
    <property name="jdk.debug" value="release"/>
    <property name="surefire.test.class.path" value="D:\java project\mooc-reader\target\test-classes;D:\java project\mooc-reader\target\classes;C:\Users\815101909\.m2\repository\org\springframework\spring-webmvc\5.3.23\spring-webmvc-5.3.23.jar;C:\Users\815101909\.m2\repository\org\springframework\spring-aop\5.3.23\spring-aop-5.3.23.jar;C:\Users\815101909\.m2\repository\org\springframework\spring-beans\5.3.23\spring-beans-5.3.23.jar;C:\Users\815101909\.m2\repository\org\springframework\spring-context\5.3.23\spring-context-5.3.23.jar;C:\Users\815101909\.m2\repository\org\springframework\spring-core\5.3.23\spring-core-5.3.23.jar;C:\Users\815101909\.m2\repository\org\springframework\spring-jcl\5.3.23\spring-jcl-5.3.23.jar;C:\Users\815101909\.m2\repository\org\springframework\spring-expression\5.3.23\spring-expression-5.3.23.jar;C:\Users\815101909\.m2\repository\org\springframework\spring-web\5.3.23\spring-web-5.3.23.jar;C:\Users\815101909\.m2\repository\com\fasterxml\jackson\core\jackson-databind\2.12.3\jackson-databind-2.12.3.jar;C:\Users\815101909\.m2\repository\com\fasterxml\jackson\core\jackson-annotations\2.12.3\jackson-annotations-2.12.3.jar;C:\Users\815101909\.m2\repository\com\fasterxml\jackson\core\jackson-core\2.12.3\jackson-core-2.12.3.jar;C:\Users\815101909\.m2\repository\org\springframework\spring-jdbc\5.3.23\spring-jdbc-5.3.23.jar;C:\Users\815101909\.m2\repository\org\springframework\spring-tx\5.3.23\spring-tx-5.3.23.jar;C:\Users\815101909\.m2\repository\com\baomidou\mybatis-plus\3.4.3.4\mybatis-plus-3.4.3.4.jar;C:\Users\815101909\.m2\repository\com\baomidou\mybatis-plus-extension\3.4.3.4\mybatis-plus-extension-3.4.3.4.jar;C:\Users\815101909\.m2\repository\com\baomidou\mybatis-plus-core\3.4.3.4\mybatis-plus-core-3.4.3.4.jar;C:\Users\815101909\.m2\repository\com\baomidou\mybatis-plus-annotation\3.4.3.4\mybatis-plus-annotation-3.4.3.4.jar;C:\Users\815101909\.m2\repository\com\github\jsqlparser\jsqlparser\4.2\jsqlparser-4.2.jar;C:\Users\815101909\.m2\repository\org\mybatis\mybatis\3.5.7\mybatis-3.5.7.jar;C:\Users\815101909\.m2\repository\org\mybatis\mybatis-spring\2.0.6\mybatis-spring-2.0.6.jar;C:\Users\815101909\.m2\repository\mysql\mysql-connector-java\8.0.16\mysql-connector-java-8.0.16.jar;C:\Users\815101909\.m2\repository\com\google\protobuf\protobuf-java\3.6.1\protobuf-java-3.6.1.jar;C:\Users\815101909\.m2\repository\com\alibaba\druid\1.2.6\druid-1.2.6.jar;C:\Users\815101909\.m2\repository\junit\junit\4.12\junit-4.12.jar;C:\Users\815101909\.m2\repository\org\hamcrest\hamcrest-core\1.3\hamcrest-core-1.3.jar;C:\Users\815101909\.m2\repository\org\springframework\spring-test\5.3.23\spring-test-5.3.23.jar;C:\Users\815101909\.m2\repository\javax\annotation\javax.annotation-api\1.3.1\javax.annotation-api-1.3.1.jar;C:\Users\815101909\.m2\repository\javax\servlet\javax.servlet-api\3.1.0\javax.servlet-api-3.1.0.jar;C:\Users\815101909\.m2\repository\ch\qos\logback\logback-classic\1.4.5\logback-classic-1.4.5.jar;C:\Users\815101909\.m2\repository\ch\qos\logback\logback-core\1.4.5\logback-core-1.4.5.jar;C:\Users\815101909\.m2\repository\org\slf4j\slf4j-api\2.0.4\slf4j-api-2.0.4.jar;C:\Users\815101909\.m2\repository\com\github\penggle\kaptcha\2.3.2\kaptcha-2.3.2.jar;C:\Users\815101909\.m2\repository\com\jhlabs\filters\2.0.235-1\filters-2.0.235-1.jar;C:\Users\815101909\.m2\repository\commons-codec\commons-codec\1.15\commons-codec-1.15.jar;C:\Users\815101909\.m2\repository\commons-fileupload\commons-fileupload\1.5\commons-fileupload-1.5.jar;C:\Users\815101909\.m2\repository\commons-io\commons-io\2.11.0\commons-io-2.11.0.jar;"/>
    <property name="sun.cpu.endian" value="little"/>
    <property name="user.home" value="C:\Users\815101909"/>
    <property name="user.language" value="zh"/>
    <property name="java.specification.vendor" value="Oracle Corporation"/>
    <property name="java.version.date" value="2022-07-19"/>
    <property name="java.home" value="D:\tools\jdk-18.0.2"/>
    <property name="file.separator" value="\"/>
    <property name="basedir" value="D:\java project\mooc-reader"/>
    <property name="java.vm.compressedOopsMode" value="Zero based"/>
    <property name="line.separator" value="&#10;"/>
    <property name="java.vm.specification.vendor" value="Oracle Corporation"/>
    <property name="java.specification.name" value="Java Platform API Specification"/>
    <property name="surefire.real.class.path" value="C:\Users\815101909\AppData\Local\Temp\surefire6910665220204888984\surefirebooter-20230406100520514_3.jar"/>
    <property name="user.script" value=""/>
    <property name="sun.management.compiler" value="HotSpot 64-Bit Tiered Compilers"/>
    <property name="java.runtime.version" value="18.0.2+9-61"/>
    <property name="user.name" value="815101909"/>
    <property name="path.separator" value=";"/>
    <property name="os.version" value="10.0"/>
    <property name="java.runtime.name" value="Java(TM) SE Runtime Environment"/>
    <property name="file.encoding" value="UTF-8"/>
    <property name="java.vm.name" value="Java HotSpot(TM) 64-Bit Server VM"/>
    <property name="localRepository" value="C:\Users\815101909\.m2\repository"/>
    <property name="java.vendor.url.bug" value="https://bugreport.java.com/bugreport/"/>
    <property name="java.io.tmpdir" value="C:\Users\815101~1\AppData\Local\Temp\"/>
    <property name="idea.version" value="2022.2"/>
    <property name="java.version" value="18.0.2"/>
    <property name="user.dir" value="D:\java project\mooc-reader"/>
    <property name="os.arch" value="amd64"/>
    <property name="java.vm.specification.name" value="Java Virtual Machine Specification"/>
    <property name="sun.os.patch.level" value=""/>
    <property name="native.encoding" value="GBK"/>
    <property name="java.library.path" value="D:\tools\jdk-18.0.2\bin;C:\WINDOWS\Sun\Java\bin;C:\WINDOWS\system32;C:\WINDOWS;D:\VMware\VMware Workstation\bin\;C:\Program Files\NVIDIA GPU Computing Toolkit\CUDA\v11.8\bin;C:\Program Files\NVIDIA GPU Computing Toolkit\CUDA\v11.8\libnvvp;C:\Program Files\Common Files\Oracle\Java\javapath;C:\Program Files (x86)\Common Files\Oracle\Java\javapath;C:\Windows\system32;C:\Window;C:\Windows\System32\Wbe;C:\Windows\System32\WindowsPowerShell\v1.0;C:\Program Files (x86)\NVIDIA Corporation\PhysX\Common;C:\Program Files\NVIDIA Corporation\NVIDIA NvDLISR;D:\IntelliJ IDEA 2022.2\apache-tomcat-8.5.82\bin;C:\Program Files\MySQL\MySQL Server 8.0\bin;C:\Program Files\NVIDIA Corporation\Nsight Compute 2022.3.0\;D:\Git\cmd;D:\MinGW\bin;C:\Program Files\dotnet\;D:\Java\apache-maven-3.6.3\bin;D:\Java\apache-maven-3.6.3\bin;D:\Nodejs\node_global;D:\Nodejs\;C:\Windows\regedit.exe;D:\apache-tomcat-8.5.84\bin;D:\Devloper\Xshell 7\;D:\Devloper\Xftp 7\;C:\Windows\System32\Wbem;C:\WINDOWS\system32;C:\WINDOWS;C:\WINDOWS\System32\Wbem;C:\WINDOWS\System32\WindowsPowerShell\v1.0\;C:\WINDOWS\System32\OpenSSH\;E:\jdk\bin\bin;E:\jdk\bin\jre\bin;E:\QQ机器人官方API3.5版\ffmpeg-6.0-full_build\bin;C:\Users\815101909\AppData\Local\Programs\Python\Python310\Scripts\;C:\Users\815101909\AppData\Local\Programs\Python\Python310\;C:\Program Files\MySQL\MySQL Shell 8.0\bin\;C:\Users\815101909\AppData\Local\Microsoft\WindowsApps;E:\jdk\binbin;D:\Nodejs\node_global;C:\Windows;;D:\Microsoft VS Code\bin;C:\Users\815101909\.dotnet\tools;."/>
    <property name="java.vm.info" value="mixed mode, sharing"/>
    <property name="java.vendor" value="Oracle Corporation"/>
    <property name="java.vm.version" value="18.0.2+9-61"/>
    <property name="sun.io.unicode.encoding" value="UnicodeLittle"/>
    <property name="java.class.version" value="62.0"/>
  </properties>
  <testcase name="selectByBookId" classname="com.imooc.reader.mapper.EvaluationMapperTest" time="0.382">
    <system-out><![CDATA[[main] 10:05:20 DEBUG o.s.t.c.j.SpringJUnit4ClassRunner - SpringJUnit4ClassRunner constructor called with [class com.imooc.reader.mapper.EvaluationMapperTest]
[main] 10:05:20 DEBUG o.s.t.context.BootstrapUtils - Instantiating CacheAwareContextLoaderDelegate from class [org.springframework.test.context.cache.DefaultCacheAwareContextLoaderDelegate]
[main] 10:05:20 DEBUG o.s.t.context.BootstrapUtils - Instantiating BootstrapContext using constructor [public org.springframework.test.context.support.DefaultBootstrapContext(java.lang.Class,org.springframework.test.context.CacheAwareContextLoaderDelegate)]
[main] 10:05:20 DEBUG o.s.t.context.BootstrapUtils - Instantiating TestContextBootstrapper for test class [com.imooc.reader.mapper.EvaluationMapperTest] from class [org.springframework.test.context.support.DefaultTestContextBootstrapper]
[main] 10:05:20 DEBUG o.s.t.c.s.AbstractDelegatingSmartContextLoader - Delegating to GenericXmlContextLoader to process context configuration [ContextConfigurationAttributes@1e1a0406 declaringClass = 'com.imooc.reader.mapper.EvaluationMapperTest', classes = '{}', locations = '{classpath:applicationContext.xml}', inheritLocations = true, initializers = '{}', inheritInitializers = true, name = [null], contextLoaderClass = 'org.springframework.test.context.ContextLoader'].
[main] 10:05:20 DEBUG o.s.t.c.s.ActiveProfilesUtils - Could not find an 'annotation declaring class' for annotation type [org.springframework.test.context.ActiveProfiles] and class [com.imooc.reader.mapper.EvaluationMapperTest]
[main] 10:05:20 DEBUG o.s.t.c.s.DefaultTestContextBootstrapper - @TestExecutionListeners is not present for class [com.imooc.reader.mapper.EvaluationMapperTest]: using defaults.
[main] 10:05:20 INFO  o.s.t.c.s.DefaultTestContextBootstrapper - Loaded default TestExecutionListener class names from location [META-INF/spring.factories]: [org.springframework.test.context.web.ServletTestExecutionListener, org.springframework.test.context.support.DirtiesContextBeforeModesTestExecutionListener, org.springframework.test.context.event.ApplicationEventsTestExecutionListener, org.springframework.test.context.support.DependencyInjectionTestExecutionListener, org.springframework.test.context.support.DirtiesContextTestExecutionListener, org.springframework.test.context.transaction.TransactionalTestExecutionListener, org.springframework.test.context.jdbc.SqlScriptsTestExecutionListener, org.springframework.test.context.event.EventPublishingTestExecutionListener]
[main] 10:05:20 INFO  o.s.t.c.s.DefaultTestContextBootstrapper - Using TestExecutionListeners: [org.springframework.test.context.web.ServletTestExecutionListener@24569dba, org.springframework.test.context.support.DirtiesContextBeforeModesTestExecutionListener@5ddeb7cb, org.springframework.test.context.event.ApplicationEventsTestExecutionListener@70ed52de, org.springframework.test.context.support.DependencyInjectionTestExecutionListener@496bc455, org.springframework.test.context.support.DirtiesContextTestExecutionListener@59402b8f, org.springframework.test.context.transaction.TransactionalTestExecutionListener@7188af83, org.springframework.test.context.jdbc.SqlScriptsTestExecutionListener@6be968ce, org.springframework.test.context.event.EventPublishingTestExecutionListener@7c37508a]
[main] 10:05:20 DEBUG o.s.t.a.ProfileValueUtils - Retrieved @ProfileValueSourceConfiguration [null] for test class [com.imooc.reader.mapper.EvaluationMapperTest]
[main] 10:05:20 DEBUG o.s.t.a.ProfileValueUtils - Retrieved ProfileValueSource type [class org.springframework.test.annotation.SystemProfileValueSource] for class [com.imooc.reader.mapper.EvaluationMapperTest]
[main] 10:05:20 DEBUG o.s.t.a.ProfileValueUtils - Retrieved @ProfileValueSourceConfiguration [null] for test class [com.imooc.reader.mapper.EvaluationMapperTest]
[main] 10:05:20 DEBUG o.s.t.a.ProfileValueUtils - Retrieved ProfileValueSource type [class org.springframework.test.annotation.SystemProfileValueSource] for class [com.imooc.reader.mapper.EvaluationMapperTest]
[main] 10:05:20 DEBUG o.s.t.a.ProfileValueUtils - Retrieved @ProfileValueSourceConfiguration [null] for test class [com.imooc.reader.mapper.EvaluationMapperTest]
[main] 10:05:20 DEBUG o.s.t.a.ProfileValueUtils - Retrieved ProfileValueSource type [class org.springframework.test.annotation.SystemProfileValueSource] for class [com.imooc.reader.mapper.EvaluationMapperTest]
[main] 10:05:20 DEBUG o.s.t.c.s.AbstractDirtiesContextTestExecutionListener - Before test class: context [DefaultTestContext@28dcca0c testClass = EvaluationMapperTest, testInstance = [null], testMethod = [null], testException = [null], mergedContextConfiguration = [MergedContextConfiguration@45d84a20 testClass = EvaluationMapperTest, locations = '{classpath:applicationContext.xml}', classes = '{}', contextInitializerClasses = '[]', activeProfiles = '{}', propertySourceLocations = '{}', propertySourceProperties = '{}', contextCustomizers = set[[empty]], contextLoader = 'org.springframework.test.context.support.DelegatingSmartContextLoader', parent = [null]], attributes = map[[empty]]], class annotated with @DirtiesContext [false] with mode [null].
[main] 10:05:20 DEBUG o.s.t.a.ProfileValueUtils - Retrieved @ProfileValueSourceConfiguration [null] for test class [com.imooc.reader.mapper.EvaluationMapperTest]
[main] 10:05:20 DEBUG o.s.t.a.ProfileValueUtils - Retrieved ProfileValueSource type [class org.springframework.test.annotation.SystemProfileValueSource] for class [com.imooc.reader.mapper.EvaluationMapperTest]
[main] 10:05:20 DEBUG o.s.t.c.s.DependencyInjectionTestExecutionListener - Performing dependency injection for test context [[DefaultTestContext@28dcca0c testClass = EvaluationMapperTest, testInstance = com.imooc.reader.mapper.EvaluationMapperTest@673fdbce, testMethod = [null], testException = [null], mergedContextConfiguration = [MergedContextConfiguration@45d84a20 testClass = EvaluationMapperTest, locations = '{classpath:applicationContext.xml}', classes = '{}', contextInitializerClasses = '[]', activeProfiles = '{}', propertySourceLocations = '{}', propertySourceProperties = '{}', contextCustomizers = set[[empty]], contextLoader = 'org.springframework.test.context.support.DelegatingSmartContextLoader', parent = [null]], attributes = map['org.springframework.test.context.event.ApplicationEventsTestExecutionListener.recordApplicationEvents' -> false]]].
[main] 10:05:20 DEBUG o.s.t.c.s.AbstractDelegatingSmartContextLoader - Delegating to GenericXmlContextLoader to load context from [MergedContextConfiguration@45d84a20 testClass = EvaluationMapperTest, locations = '{classpath:applicationContext.xml}', classes = '{}', contextInitializerClasses = '[]', activeProfiles = '{}', propertySourceLocations = '{}', propertySourceProperties = '{}', contextCustomizers = set[[empty]], contextLoader = 'org.springframework.test.context.support.DelegatingSmartContextLoader', parent = [null]].
[main] 10:05:20 DEBUG o.s.t.c.s.AbstractGenericContextLoader - Loading ApplicationContext for merged context configuration [[MergedContextConfiguration@45d84a20 testClass = EvaluationMapperTest, locations = '{classpath:applicationContext.xml}', classes = '{}', contextInitializerClasses = '[]', activeProfiles = '{}', propertySourceLocations = '{}', propertySourceProperties = '{}', contextCustomizers = set[[empty]], contextLoader = 'org.springframework.test.context.support.DelegatingSmartContextLoader', parent = [null]]].
[main] 10:05:20 DEBUG o.s.c.env.StandardEnvironment - Activating profiles []
[main] 10:05:21 DEBUG o.s.c.a.ClassPathBeanDefinitionScanner - Identified candidate component class: file [D:\java project\mooc-reader\target\classes\com\imooc\reader\controller\BookController.class]
[main] 10:05:21 DEBUG o.s.c.a.ClassPathBeanDefinitionScanner - Identified candidate component class: file [D:\java project\mooc-reader\target\classes\com\imooc\reader\controller\EvaluationController.class]
[main] 10:05:21 DEBUG o.s.c.a.ClassPathBeanDefinitionScanner - Identified candidate component class: file [D:\java project\mooc-reader\target\classes\com\imooc\reader\controller\KaptchaController.class]
[main] 10:05:21 DEBUG o.s.c.a.ClassPathBeanDefinitionScanner - Identified candidate component class: file [D:\java project\mooc-reader\target\classes\com\imooc\reader\controller\MemberController.class]
[main] 10:05:21 DEBUG o.s.c.a.ClassPathBeanDefinitionScanner - Identified candidate component class: file [D:\java project\mooc-reader\target\classes\com\imooc\reader\controller\TestController.class]
[main] 10:05:21 DEBUG o.s.c.a.ClassPathBeanDefinitionScanner - Identified candidate component class: file [D:\java project\mooc-reader\target\classes\com\imooc\reader\controller\categoryController.class]
[main] 10:05:21 DEBUG o.s.c.a.ClassPathBeanDefinitionScanner - Identified candidate component class: file [D:\java project\mooc-reader\target\classes\com\imooc\reader\controller\mangement\MBookController.class]
[main] 10:05:21 DEBUG o.s.c.a.ClassPathBeanDefinitionScanner - Identified candidate component class: file [D:\java project\mooc-reader\target\classes\com\imooc\reader\service\TestService.class]
[main] 10:05:21 DEBUG o.s.c.a.ClassPathBeanDefinitionScanner - Identified candidate component class: file [D:\java project\mooc-reader\target\classes\com\imooc\reader\service\impl\BookServiceImpl.class]
[main] 10:05:21 DEBUG o.s.c.a.ClassPathBeanDefinitionScanner - Identified candidate component class: file [D:\java project\mooc-reader\target\classes\com\imooc\reader\service\impl\CategoryServiceImpl.class]
[main] 10:05:21 DEBUG o.s.c.a.ClassPathBeanDefinitionScanner - Identified candidate component class: file [D:\java project\mooc-reader\target\classes\com\imooc\reader\service\impl\EvaluationServiceImpl.class]
[main] 10:05:21 DEBUG o.s.c.a.ClassPathBeanDefinitionScanner - Identified candidate component class: file [D:\java project\mooc-reader\target\classes\com\imooc\reader\service\impl\MemberServiceImpl.class]
[main] 10:05:21 DEBUG o.s.c.a.ClassPathBeanDefinitionScanner - Identified candidate component class: file [D:\java project\mooc-reader\target\classes\com\imooc\reader\task\ComputeTask.class]
[main] 10:05:21 DEBUG o.s.b.f.x.XmlBeanDefinitionReader - Loaded 51 bean definitions from class path resource [applicationContext.xml]
[main] 10:05:21 DEBUG o.s.c.s.GenericApplicationContext - Refreshing org.springframework.context.support.GenericApplicationContext@5a5a729f
[main] 10:05:21 DEBUG o.s.b.f.s.DefaultListableBeanFactory - Creating shared instance of singleton bean 'org.springframework.context.annotation.internalConfigurationAnnotationProcessor'
[main] 10:05:21 DEBUG o.s.b.f.s.DefaultListableBeanFactory - Creating shared instance of singleton bean 'org.mybatis.spring.mapper.MapperScannerConfigurer#0'
[main] 10:05:21 DEBUG o.a.ibatis.logging.LogFactory - Logging initialized using 'class org.apache.ibatis.logging.slf4j.Slf4jImpl' adapter.
[main] 10:05:21 DEBUG o.m.s.m.ClassPathMapperScanner - Ignored because not a concrete top-level class: file [D:\java project\mooc-reader\target\test-classes\com\imooc\reader\mapper\EvaluationMapperTest.class]
[main] 10:05:21 DEBUG o.m.s.m.ClassPathMapperScanner - Ignored because not a concrete top-level class: file [D:\java project\mooc-reader\target\test-classes\com\imooc\reader\mapper\TestMapperTest.class]
[main] 10:05:21 DEBUG o.m.s.m.ClassPathMapperScanner - Identified candidate component class: file [D:\java project\mooc-reader\target\classes\com\imooc\reader\mapper\BookMapper.class]
[main] 10:05:21 DEBUG o.m.s.m.ClassPathMapperScanner - Identified candidate component class: file [D:\java project\mooc-reader\target\classes\com\imooc\reader\mapper\CategoryMapper.class]
[main] 10:05:21 DEBUG o.m.s.m.ClassPathMapperScanner - Identified candidate component class: file [D:\java project\mooc-reader\target\classes\com\imooc\reader\mapper\EvaluationMapper.class]
[main] 10:05:21 DEBUG o.m.s.m.ClassPathMapperScanner - Identified candidate component class: file [D:\java project\mooc-reader\target\classes\com\imooc\reader\mapper\MemberMapper.class]
[main] 10:05:21 DEBUG o.m.s.m.ClassPathMapperScanner - Identified candidate component class: file [D:\java project\mooc-reader\target\classes\com\imooc\reader\mapper\MemberReadStateMapper.class]
[main] 10:05:21 DEBUG o.m.s.m.ClassPathMapperScanner - Identified candidate component class: file [D:\java project\mooc-reader\target\classes\com\imooc\reader\mapper\TestMapper.class]
[main] 10:05:21 DEBUG o.m.s.m.ClassPathMapperScanner - Creating MapperFactoryBean with name 'bookMapper' and 'com.imooc.reader.mapper.BookMapper' mapperInterface
[main] 10:05:21 DEBUG o.m.s.m.ClassPathMapperScanner - Enabling autowire by type for MapperFactoryBean with name 'bookMapper'.
[main] 10:05:21 DEBUG o.m.s.m.ClassPathMapperScanner - Creating MapperFactoryBean with name 'categoryMapper' and 'com.imooc.reader.mapper.CategoryMapper' mapperInterface
[main] 10:05:21 DEBUG o.m.s.m.ClassPathMapperScanner - Enabling autowire by type for MapperFactoryBean with name 'categoryMapper'.
[main] 10:05:21 DEBUG o.m.s.m.ClassPathMapperScanner - Creating MapperFactoryBean with name 'evaluationMapper' and 'com.imooc.reader.mapper.EvaluationMapper' mapperInterface
[main] 10:05:21 DEBUG o.m.s.m.ClassPathMapperScanner - Enabling autowire by type for MapperFactoryBean with name 'evaluationMapper'.
[main] 10:05:21 DEBUG o.m.s.m.ClassPathMapperScanner - Creating MapperFactoryBean with name 'memberMapper' and 'com.imooc.reader.mapper.MemberMapper' mapperInterface
[main] 10:05:21 DEBUG o.m.s.m.ClassPathMapperScanner - Enabling autowire by type for MapperFactoryBean with name 'memberMapper'.
[main] 10:05:21 DEBUG o.m.s.m.ClassPathMapperScanner - Creating MapperFactoryBean with name 'memberReadStateMapper' and 'com.imooc.reader.mapper.MemberReadStateMapper' mapperInterface
[main] 10:05:21 DEBUG o.m.s.m.ClassPathMapperScanner - Enabling autowire by type for MapperFactoryBean with name 'memberReadStateMapper'.
[main] 10:05:21 DEBUG o.m.s.m.ClassPathMapperScanner - Creating MapperFactoryBean with name 'testMapper' and 'com.imooc.reader.mapper.TestMapper' mapperInterface
[main] 10:05:21 DEBUG o.m.s.m.ClassPathMapperScanner - Enabling autowire by type for MapperFactoryBean with name 'testMapper'.
[main] 10:05:21 DEBUG o.s.b.f.s.DefaultListableBeanFactory - Creating shared instance of singleton bean 'org.springframework.context.event.internalEventListenerProcessor'
[main] 10:05:21 DEBUG o.s.b.f.s.DefaultListableBeanFactory - Creating shared instance of singleton bean 'org.springframework.context.event.internalEventListenerFactory'
[main] 10:05:21 DEBUG o.s.b.f.s.DefaultListableBeanFactory - Creating shared instance of singleton bean 'org.springframework.transaction.config.internalTransactionalEventListenerFactory'
[main] 10:05:21 DEBUG o.s.b.f.s.DefaultListableBeanFactory - Creating shared instance of singleton bean 'org.springframework.context.annotation.internalAutowiredAnnotationProcessor'
[main] 10:05:21 DEBUG o.s.b.f.s.DefaultListableBeanFactory - Creating shared instance of singleton bean 'org.springframework.context.annotation.internalCommonAnnotationProcessor'
[main] 10:05:21 DEBUG o.s.b.f.s.DefaultListableBeanFactory - Creating shared instance of singleton bean 'org.springframework.aop.config.internalAutoProxyCreator'
[main] 10:05:21 DEBUG o.s.b.f.s.DefaultListableBeanFactory - Creating shared instance of singleton bean 'org.springframework.context.annotation.internalAsyncAnnotationProcessor'
[main] 10:05:21 DEBUG o.s.b.f.s.DefaultListableBeanFactory - Creating shared instance of singleton bean 'org.springframework.context.annotation.internalScheduledAnnotationProcessor'
[main] 10:05:21 DEBUG o.s.b.f.s.DefaultListableBeanFactory - Creating shared instance of singleton bean 'bookController'
[main] 10:05:21 DEBUG o.s.b.f.s.DefaultListableBeanFactory - Creating shared instance of singleton bean 'bookServiceImpl'
[main] 10:05:21 DEBUG o.s.b.f.s.DefaultListableBeanFactory - Creating shared instance of singleton bean 'bookMapper'
[main] 10:05:21 DEBUG o.s.b.f.s.DefaultListableBeanFactory - Creating shared instance of singleton bean 'sessionFactory'
[main] 10:05:21 DEBUG o.s.b.f.s.DefaultListableBeanFactory - Creating shared instance of singleton bean 'dataSource'
[main] 10:05:21 DEBUG o.s.b.f.s.DefaultListableBeanFactory - Creating shared instance of singleton bean 'org.springframework.transaction.config.internalTransactionAdvisor'
[main] 10:05:21 DEBUG o.s.b.f.s.DefaultListableBeanFactory - Creating shared instance of singleton bean 'org.springframework.transaction.annotation.AnnotationTransactionAttributeSource#0'
[main] 10:05:21 DEBUG c.b.m.e.s.MybatisSqlSessionFactoryBean - Registered plugin: 'com.baomidou.mybatisplus.extension.plugins.MybatisPlusInterceptor@169da7f2'
[main] 10:05:21 DEBUG c.b.m.e.s.MybatisSqlSessionFactoryBean - Parsed configuration file: 'class path resource [mybatis-config.xml]'
[main] 10:05:21 DEBUG c.b.m.e.s.MybatisSqlSessionFactoryBean - Parsed mapper file: 'file [D:\java project\mooc-reader\target\classes\mappers\book.xml]'
[main] 10:05:21 DEBUG c.b.m.e.s.MybatisSqlSessionFactoryBean - Parsed mapper file: 'file [D:\java project\mooc-reader\target\classes\mappers\category.xml]'
[main] 10:05:21 DEBUG c.b.m.e.s.MybatisSqlSessionFactoryBean - Parsed mapper file: 'file [D:\java project\mooc-reader\target\classes\mappers\evaluation.xml]'
[main] 10:05:21 DEBUG c.b.m.e.s.MybatisSqlSessionFactoryBean - Parsed mapper file: 'file [D:\java project\mooc-reader\target\classes\mappers\member.xml]'
[main] 10:05:21 DEBUG c.b.m.e.s.MybatisSqlSessionFactoryBean - Parsed mapper file: 'file [D:\java project\mooc-reader\target\classes\mappers\member_read_state.xml]'
[main] 10:05:21 DEBUG c.b.m.e.s.MybatisSqlSessionFactoryBean - Parsed mapper file: 'file [D:\java project\mooc-reader\target\classes\mappers\test.xml]'
 _ _   |_  _ _|_. ___ _ |    _ 
| | |\/|_)(_| | |_\  |_)||_|_\ 
     /               |         
                        3.4.3.4 
[main] 10:05:21 DEBUG o.s.b.f.s.DefaultListableBeanFactory - Creating shared instance of singleton bean 'evaluationController'
[main] 10:05:21 DEBUG o.s.b.f.s.DefaultListableBeanFactory - Creating shared instance of singleton bean 'evaluationServiceImpl'
[main] 10:05:21 DEBUG o.s.b.f.s.DefaultListableBeanFactory - Creating shared instance of singleton bean 'evaluationMapper'
[main] 10:05:21 DEBUG o.s.b.f.s.DefaultListableBeanFactory - Creating shared instance of singleton bean 'kaptchaController'
[main] 10:05:21 DEBUG o.s.b.f.s.DefaultListableBeanFactory - Creating shared instance of singleton bean 'kaptchaProducer'
[main] 10:05:21 DEBUG o.s.b.f.s.DefaultListableBeanFactory - Creating shared instance of singleton bean 'memberController'
[main] 10:05:21 DEBUG o.s.b.f.s.DefaultListableBeanFactory - Creating shared instance of singleton bean 'memberServiceImpl'
[main] 10:05:21 DEBUG o.s.b.f.s.DefaultListableBeanFactory - Creating shared instance of singleton bean 'memberMapper'
[main] 10:05:21 DEBUG o.s.b.f.s.DefaultListableBeanFactory - Creating shared instance of singleton bean 'memberReadStateMapper'
[main] 10:05:21 DEBUG o.s.b.f.s.DefaultListableBeanFactory - Creating shared instance of singleton bean 'testController'
[main] 10:05:21 DEBUG o.s.b.f.s.DefaultListableBeanFactory - Creating shared instance of singleton bean 'categoryController'
[main] 10:05:21 DEBUG o.s.b.f.s.DefaultListableBeanFactory - Creating shared instance of singleton bean 'categoryServiceImpl'
[main] 10:05:21 DEBUG o.s.b.f.s.DefaultListableBeanFactory - Creating shared instance of singleton bean 'categoryMapper'
[main] 10:05:21 DEBUG o.s.b.f.s.DefaultListableBeanFactory - Creating shared instance of singleton bean 'MBookController'
[main] 10:05:21 DEBUG o.s.b.f.s.DefaultListableBeanFactory - Creating shared instance of singleton bean 'testService'
[main] 10:05:21 DEBUG o.s.b.f.s.DefaultListableBeanFactory - Creating shared instance of singleton bean 'testMapper'
[main] 10:05:21 DEBUG o.s.b.f.s.DefaultListableBeanFactory - Creating shared instance of singleton bean 'org.springframework.transaction.interceptor.TransactionInterceptor#0'
[main] 10:05:21 DEBUG o.s.b.f.s.DefaultListableBeanFactory - Creating shared instance of singleton bean 'computeTask'
[main] 10:05:21 DEBUG o.s.b.f.s.DefaultListableBeanFactory - Creating shared instance of singleton bean 'mvcContentNegotiationManager'
[main] 10:05:21 DEBUG o.s.b.f.s.DefaultListableBeanFactory - Creating shared instance of singleton bean 'org.springframework.web.servlet.mvc.method.annotation.RequestMappingHandlerMapping'
[main] 10:05:21 DEBUG o.s.b.f.s.DefaultListableBeanFactory - Creating shared instance of singleton bean 'mvcCorsConfigurations'
[main] 10:05:21 DEBUG o.s.b.f.s.DefaultListableBeanFactory - Creating shared instance of singleton bean 'org.springframework.web.servlet.handler.MappedInterceptor#0'
[main] 10:05:21 DEBUG o.s.b.f.s.DefaultListableBeanFactory - Creating shared instance of singleton bean 'org.springframework.format.support.FormattingConversionServiceFactoryBean#0'
[main] 10:05:21 DEBUG _.s.w.s.H.Mappings - 
	c.i.r.c.BookController:
	{GET [/api/book/list]}: list(Long,String,Integer)
	{GET [/api/book/id/{id}]}: selectById(Long)
[main] 10:05:21 DEBUG _.s.w.s.H.Mappings - 
	c.i.r.c.EvaluationController:
	{GET [/api/evaluation/list]}: list(Long)
[main] 10:05:21 DEBUG _.s.w.s.H.Mappings - 
	c.i.r.c.KaptchaController:
	{GET [/api/verify_code]}: createVerifyCode(HttpServletRequest,HttpServletResponse)
[main] 10:05:21 DEBUG _.s.w.s.H.Mappings - 
	c.i.r.c.MemberController:
	{POST [/api/member/evaluate]}: evaluate(Long,Long,Integer,String)
	{POST [/api/member/check_login]}: checkLogin(String,String,String,HttpServletRequest)
	{GET [/api/member/select_by_id]}: selectById(Long)
	{GET [/api/member/select_read_state]}: selectMemberReadState(Long,Long)
	{POST [/api/member/registe]}: registe(String,String,String,String,HttpServletRequest)
	{POST [/api/member/update_read_state]}: updateReadState(Long,Long,Integer)
	{POST [/api/member/enjoy]}: enjoy(Long)
[main] 10:05:21 DEBUG _.s.w.s.H.Mappings - 
	c.i.r.c.TestController:
	{POST [/t/test1]}: text1(String)
[main] 10:05:21 DEBUG _.s.w.s.H.Mappings - 
	c.i.r.c.categoryController:
	{GET [/api/category/list]}: list()
[main] 10:05:21 DEBUG _.s.w.s.H.Mappings - 
	c.i.r.c.m.MBookController:
	{GET [/api/management/book/list]}: list(Integer,Integer)
	{POST [/api/management/book/upload]}: upload(MultipartFile,HttpServletRequest)
[main] 10:05:21 DEBUG o.s.w.s.m.m.a.RequestMappingHandlerMapping - 15 mappings in 'org.springframework.web.servlet.mvc.method.annotation.RequestMappingHandlerMapping'
[main] 10:05:21 DEBUG o.s.b.f.s.DefaultListableBeanFactory - Creating shared instance of singleton bean 'org.springframework.web.servlet.mvc.method.annotation.RequestMappingHandlerAdapter'
[main] 10:05:21 DEBUG o.s.w.s.m.m.a.RequestMappingHandlerAdapter - ControllerAdvice beans: 0 @ModelAttribute, 0 @InitBinder, 1 RequestBodyAdvice, 1 ResponseBodyAdvice
[main] 10:05:21 DEBUG o.s.b.f.s.DefaultListableBeanFactory - Creating shared instance of singleton bean 'mvcUriComponentsContributor'
[main] 10:05:21 DEBUG o.s.w.s.m.m.a.RequestMappingHandlerAdapter - ControllerAdvice beans: 0 @ModelAttribute, 0 @InitBinder, 1 RequestBodyAdvice, 1 ResponseBodyAdvice
[main] 10:05:21 DEBUG o.s.b.f.s.DefaultListableBeanFactory - Creating shared instance of singleton bean 'org.springframework.web.servlet.mvc.method.annotation.ExceptionHandlerExceptionResolver#0'
[main] 10:05:21 DEBUG o.s.w.s.m.m.a.ExceptionHandlerExceptionResolver - ControllerAdvice beans: 0 @ExceptionHandler, 1 ResponseBodyAdvice
[main] 10:05:21 DEBUG o.s.b.f.s.DefaultListableBeanFactory - Creating shared instance of singleton bean 'org.springframework.web.servlet.mvc.annotation.ResponseStatusExceptionResolver#0'
[main] 10:05:21 DEBUG o.s.b.f.s.DefaultListableBeanFactory - Creating shared instance of singleton bean 'org.springframework.web.servlet.mvc.support.DefaultHandlerExceptionResolver#0'
[main] 10:05:21 DEBUG o.s.b.f.s.DefaultListableBeanFactory - Creating shared instance of singleton bean 'org.springframework.web.servlet.handler.BeanNameUrlHandlerMapping'
[main] 10:05:21 DEBUG _.s.w.s.H.Mappings - 'org.springframework.web.servlet.handler.BeanNameUrlHandlerMapping' {}
[main] 10:05:21 DEBUG o.s.b.f.s.DefaultListableBeanFactory - Creating shared instance of singleton bean 'org.springframework.web.servlet.mvc.HttpRequestHandlerAdapter'
[main] 10:05:21 DEBUG o.s.b.f.s.DefaultListableBeanFactory - Creating shared instance of singleton bean 'org.springframework.web.servlet.mvc.SimpleControllerHandlerAdapter'
[main] 10:05:21 DEBUG o.s.b.f.s.DefaultListableBeanFactory - Creating shared instance of singleton bean 'localeResolver'
[main] 10:05:21 DEBUG o.s.b.f.s.DefaultListableBeanFactory - Creating shared instance of singleton bean 'themeResolver'
[main] 10:05:21 DEBUG o.s.b.f.s.DefaultListableBeanFactory - Creating shared instance of singleton bean 'viewNameTranslator'
[main] 10:05:21 DEBUG o.s.b.f.s.DefaultListableBeanFactory - Creating shared instance of singleton bean 'flashMapManager'
[main] 10:05:21 DEBUG o.s.b.f.s.DefaultListableBeanFactory - Creating shared instance of singleton bean 'org.springframework.web.servlet.resource.DefaultServletHttpRequestHandler#0'
[main] 10:05:21 DEBUG o.s.b.f.s.DefaultListableBeanFactory - Creating shared instance of singleton bean 'org.springframework.web.servlet.handler.SimpleUrlHandlerMapping#0'
[main] 10:05:21 DEBUG _.s.w.s.H.Mappings - 'org.springframework.web.servlet.handler.SimpleUrlHandlerMapping#0' {/**=org.springframework.web.servlet.resource.DefaultServletHttpRequestHandler@1947596f}
[main] 10:05:21 DEBUG o.s.b.f.s.DefaultListableBeanFactory - Creating shared instance of singleton bean 'transactionManager'
[main] 10:05:21 DEBUG o.s.b.f.s.DefaultListableBeanFactory - Creating shared instance of singleton bean 'multipartResolver'
[main] 10:05:21 INFO  o.s.s.a.ScheduledAnnotationBeanPostProcessor - No TaskScheduler/ScheduledExecutorService bean found for scheduled processing
[main] 10:05:21 DEBUG o.s.t.c.c.DefaultCacheAwareContextLoaderDelegate - Storing ApplicationContext [1515877023] in cache under key [[MergedContextConfiguration@45d84a20 testClass = EvaluationMapperTest, locations = '{classpath:applicationContext.xml}', classes = '{}', contextInitializerClasses = '[]', activeProfiles = '{}', propertySourceLocations = '{}', propertySourceProperties = '{}', contextCustomizers = set[[empty]], contextLoader = 'org.springframework.test.context.support.DelegatingSmartContextLoader', parent = [null]]]
[main] 10:05:21 DEBUG o.s.test.context.cache - Spring test ApplicationContext cache statistics: [DefaultContextCache@4c7e978c size = 1, maxSize = 32, parentContextCount = 0, hitCount = 0, missCount = 1]
[main] 10:05:21 DEBUG o.s.t.c.c.DefaultCacheAwareContextLoaderDelegate - Retrieved ApplicationContext [1515877023] from cache with key [[MergedContextConfiguration@45d84a20 testClass = EvaluationMapperTest, locations = '{classpath:applicationContext.xml}', classes = '{}', contextInitializerClasses = '[]', activeProfiles = '{}', propertySourceLocations = '{}', propertySourceProperties = '{}', contextCustomizers = set[[empty]], contextLoader = 'org.springframework.test.context.support.DelegatingSmartContextLoader', parent = [null]]]
[main] 10:05:21 DEBUG o.s.test.context.cache - Spring test ApplicationContext cache statistics: [DefaultContextCache@4c7e978c size = 1, maxSize = 32, parentContextCount = 0, hitCount = 1, missCount = 1]
[main] 10:05:21 DEBUG o.s.t.c.s.AbstractDirtiesContextTestExecutionListener - Before test method: context [DefaultTestContext@28dcca0c testClass = EvaluationMapperTest, testInstance = com.imooc.reader.mapper.EvaluationMapperTest@673fdbce, testMethod = selectByBookId@EvaluationMapperTest, testException = [null], mergedContextConfiguration = [MergedContextConfiguration@45d84a20 testClass = EvaluationMapperTest, locations = '{classpath:applicationContext.xml}', classes = '{}', contextInitializerClasses = '[]', activeProfiles = '{}', propertySourceLocations = '{}', propertySourceProperties = '{}', contextCustomizers = set[[empty]], contextLoader = 'org.springframework.test.context.support.DelegatingSmartContextLoader', parent = [null]], attributes = map['org.springframework.test.context.event.ApplicationEventsTestExecutionListener.recordApplicationEvents' -> false]], class annotated with @DirtiesContext [false] with mode [null], method annotated with @DirtiesContext [false] with mode [null].
[main] 10:05:21 DEBUG o.s.t.c.c.DefaultCacheAwareContextLoaderDelegate - Retrieved ApplicationContext [1515877023] from cache with key [[MergedContextConfiguration@45d84a20 testClass = EvaluationMapperTest, locations = '{classpath:applicationContext.xml}', classes = '{}', contextInitializerClasses = '[]', activeProfiles = '{}', propertySourceLocations = '{}', propertySourceProperties = '{}', contextCustomizers = set[[empty]], contextLoader = 'org.springframework.test.context.support.DelegatingSmartContextLoader', parent = [null]]]
[main] 10:05:21 DEBUG o.s.test.context.cache - Spring test ApplicationContext cache statistics: [DefaultContextCache@4c7e978c size = 1, maxSize = 32, parentContextCount = 0, hitCount = 2, missCount = 1]
[main] 10:05:21 DEBUG o.s.t.c.c.DefaultCacheAwareContextLoaderDelegate - Retrieved ApplicationContext [1515877023] from cache with key [[MergedContextConfiguration@45d84a20 testClass = EvaluationMapperTest, locations = '{classpath:applicationContext.xml}', classes = '{}', contextInitializerClasses = '[]', activeProfiles = '{}', propertySourceLocations = '{}', propertySourceProperties = '{}', contextCustomizers = set[[empty]], contextLoader = 'org.springframework.test.context.support.DelegatingSmartContextLoader', parent = [null]]]
[main] 10:05:21 DEBUG o.s.test.context.cache - Spring test ApplicationContext cache statistics: [DefaultContextCache@4c7e978c size = 1, maxSize = 32, parentContextCount = 0, hitCount = 3, missCount = 1]
[main] 10:05:21 DEBUG o.m.spring.SqlSessionUtils - Creating a new SqlSession
[main] 10:05:21 DEBUG o.m.spring.SqlSessionUtils - SqlSession [org.apache.ibatis.session.defaults.DefaultSqlSession@44b21f9f] was not registered for synchronization because synchronization is not active
[main] 10:05:21 DEBUG o.s.j.d.DataSourceUtils - Fetching JDBC Connection from DataSource
[main] 10:05:22 INFO  c.a.druid.pool.DruidDataSource - {dataSource-1} inited
[main] 10:05:22 DEBUG o.m.s.t.SpringManagedTransaction - JDBC Connection [com.mysql.cj.jdbc.ConnectionImpl@7a2fce12] will not be managed by Spring
[main] 10:05:22 DEBUG c.i.r.m.E.selectByBookId - ==>  Preparing: select e.*, m.nickname from evaluation e, member m where e.member_id = m.member_id and e.book_id = ? and e.state='enable' order by e.create_time desc
[main] 10:05:22 DEBUG c.i.r.m.E.selectByBookId - ==> Parameters: 1(Long)
[main] 10:05:22 DEBUG c.i.r.m.E.selectByBookId - <==      Total: 14
[main] 10:05:22 DEBUG o.m.spring.SqlSessionUtils - Closing non transactional SqlSession [org.apache.ibatis.session.defaults.DefaultSqlSession@44b21f9f]
[{evaluation_id=1, content=活动买的很划算，作为开发的工具书真的是很好, score=5, create_time=2021-05-24 22:49:40.0, member_id=294, book_id=1, enjoy=35, state=enable, nickname=慕粉-294}, {evaluation_id=2, content=内容非常好，适合巩固基础知识，, score=5, create_time=2021-05-24 22:49:40.0, member_id=327, book_id=1, enjoy=37, state=enable, nickname=慕粉-327}, {evaluation_id=3, content=老公买来自我增值的，程序猿呀～只希望他劳逸结合好，棒棒哒～, score=4, create_time=2021-05-24 22:49:40.0, member_id=300, book_id=1, enjoy=1, state=enable, nickname=慕粉-300}, {evaluation_id=4, content=非常好的教程，对自己的提升很大，面向工资编程，奥力给！, score=4, create_time=2021-05-24 22:49:40.0, member_id=221, book_id=1, enjoy=46, state=enable, nickname=慕粉-221}, {evaluation_id=5, content=我是慕课网老用户啦，信任慕课, score=5, create_time=2021-05-24 22:49:40.0, member_id=252, book_id=1, enjoy=4, state=enable, nickname=慕粉-252}, {evaluation_id=6, content=看完一段时间了才来评价的，很好, score=5, create_time=2021-05-24 22:49:40.0, member_id=213, book_id=1, enjoy=29, state=enable, nickname=慕粉-213}, {evaluation_id=7, content=我很喜欢，内容精典，值得收藏，推荐阅读, score=5, create_time=2021-05-24 22:49:40.0, member_id=330, book_id=1, enjoy=20, state=enable, nickname=慕粉-330}, {evaluation_id=8, content=初学很全很细致，还不错, score=5, create_time=2021-05-24 22:49:40.0, member_id=272, book_id=1, enjoy=47, state=enable, nickname=慕粉-272}, {evaluation_id=9, content=很不错的教程，讲的很详细, score=5, create_time=2021-05-24 22:49:40.0, member_id=385, book_id=1, enjoy=1, state=enable, nickname=慕粉-385}, {evaluation_id=10, content=非常棒，之前已经看过，现在是二刷, score=5, create_time=2021-05-24 22:49:40.0, member_id=315, book_id=1, enjoy=45, state=enable, nickname=慕粉-315}, {evaluation_id=11, content=活动买的很划算，作为开发的工具书真的是很好, score=5, create_time=2021-05-24 22:49:40.0, member_id=252, book_id=1, enjoy=18, state=enable, nickname=慕粉-252}, {evaluation_id=12, content=老公买来自我增值的，程序猿呀～只希望他劳逸结合好，棒棒哒～, score=5, create_time=2021-05-24 22:49:40.0, member_id=411, book_id=1, enjoy=24, state=enable, nickname=慕粉-411}, {evaluation_id=13, content=老师推荐的内容，应该不错吧, score=5, create_time=2021-05-24 22:49:40.0, member_id=370, book_id=1, enjoy=46, state=enable, nickname=慕粉-370}, {evaluation_id=14, content=对我工作帮助很大, score=5, create_time=2021-05-24 22:49:40.0, member_id=285, book_id=1, enjoy=47, state=enable, nickname=慕粉-285}]
[main] 10:05:22 DEBUG o.s.t.c.c.DefaultCacheAwareContextLoaderDelegate - Retrieved ApplicationContext [1515877023] from cache with key [[MergedContextConfiguration@45d84a20 testClass = EvaluationMapperTest, locations = '{classpath:applicationContext.xml}', classes = '{}', contextInitializerClasses = '[]', activeProfiles = '{}', propertySourceLocations = '{}', propertySourceProperties = '{}', contextCustomizers = set[[empty]], contextLoader = 'org.springframework.test.context.support.DelegatingSmartContextLoader', parent = [null]]]
[main] 10:05:22 DEBUG o.s.test.context.cache - Spring test ApplicationContext cache statistics: [DefaultContextCache@4c7e978c size = 1, maxSize = 32, parentContextCount = 0, hitCount = 4, missCount = 1]
[main] 10:05:22 DEBUG o.s.t.c.c.DefaultCacheAwareContextLoaderDelegate - Retrieved ApplicationContext [1515877023] from cache with key [[MergedContextConfiguration@45d84a20 testClass = EvaluationMapperTest, locations = '{classpath:applicationContext.xml}', classes = '{}', contextInitializerClasses = '[]', activeProfiles = '{}', propertySourceLocations = '{}', propertySourceProperties = '{}', contextCustomizers = set[[empty]], contextLoader = 'org.springframework.test.context.support.DelegatingSmartContextLoader', parent = [null]]]
[main] 10:05:22 DEBUG o.s.test.context.cache - Spring test ApplicationContext cache statistics: [DefaultContextCache@4c7e978c size = 1, maxSize = 32, parentContextCount = 0, hitCount = 5, missCount = 1]
[main] 10:05:22 DEBUG o.s.t.c.s.AbstractDirtiesContextTestExecutionListener - After test method: context [DefaultTestContext@28dcca0c testClass = EvaluationMapperTest, testInstance = com.imooc.reader.mapper.EvaluationMapperTest@673fdbce, testMethod = selectByBookId@EvaluationMapperTest, testException = [null], mergedContextConfiguration = [MergedContextConfiguration@45d84a20 testClass = EvaluationMapperTest, locations = '{classpath:applicationContext.xml}', classes = '{}', contextInitializerClasses = '[]', activeProfiles = '{}', propertySourceLocations = '{}', propertySourceProperties = '{}', contextCustomizers = set[[empty]], contextLoader = 'org.springframework.test.context.support.DelegatingSmartContextLoader', parent = [null]], attributes = map['org.springframework.test.context.event.ApplicationEventsTestExecutionListener.recordApplicationEvents' -> false]], class annotated with @DirtiesContext [false] with mode [null], method annotated with @DirtiesContext [false] with mode [null].
]]></system-out>
  </testcase>
</testsuite>